2017/4/8 11:04:32, Info: Initializing SIMPLSharp Services...
2017/4/8 11:04:32, Info: ProjectInfo successfully initialized.
2017/4/8 11:04:43, Info: Validating assembly D:\ILive\Project\QiaoTouChen\src\ChenSmart\ChenSmart\bin\ChenSmart.dll...
2017/4/8 11:04:44, Info: Verifying assembly D:\ILive\Project\QiaoTouChen\src\ChenSmart\ChenSmart\bin\ChenSmart.dll
2017/4/8 11:05:08, Info: Saving project information...
2017/4/8 11:05:08, Info: Saving project information...
2017/4/8 11:05:08, Info: Saving project information...
2017/4/8 11:05:08, Info: Saving project information...
2017/4/8 11:05:08, Info: Saving project information...
2017/4/8 11:05:08, Info: Saving project information...
2017/4/8 11:05:12, Info: Validating assembly D:\ILive\Project\QiaoTouChen\src\ChenSmart\ChenSmart\bin\ChenSmart.dll...
2017/4/8 11:05:13, Info: Verifying assembly D:\ILive\Project\QiaoTouChen\src\ChenSmart\ChenSmart\bin\ChenSmart.dll
2017/4/8 11:07:30, Info: Saving project information...
2017/4/8 11:07:30, Info: Saving project information...
2017/4/8 11:07:30, Info: Saving project information...
2017/4/8 11:07:30, Info: Saving project information...
2017/4/8 11:07:30, Info: Saving project information...
2017/4/8 11:07:30, Info: Saving project information...
2017/4/8 11:07:34, Info: Validating assembly D:\ILive\Project\QiaoTouChen\src\ChenSmart\ChenSmart\bin\ChenSmart.dll...
2017/4/8 11:07:34, Info: Verifying assembly D:\ILive\Project\QiaoTouChen\src\ChenSmart\ChenSmart\bin\ChenSmart.dll
2017/4/8 11:09:20, Info: Saving project information...
2017/4/8 11:09:20, Info: Saving project information...
2017/4/8 11:09:20, Info: Saving project information...
2017/4/8 11:09:56, Info: Saving project information...
2017/4/8 11:09:56, Info: Saving project information...
2017/4/8 11:09:56, Info: Saving project information...
2017/4/8 11:09:56, Info: Saving project information...
2017/4/8 11:09:56, Info: Saving project information...
2017/4/8 11:09:56, Info: Saving project information...
2017/4/8 11:10:05, Info: Saving project information...
2017/4/8 11:10:05, Info: Saving project information...
2017/4/8 11:10:05, Info: Saving project information...
2017/4/8 11:10:05, Info: Saving project information...
2017/4/8 11:10:05, Info: Saving project information...
2017/4/8 11:10:05, Info: Saving project information...
2017/4/8 11:10:21, Info: Saving project information...
2017/4/8 11:10:21, Info: Saving project information...
2017/4/8 11:10:21, Info: Saving project information...
2017/4/8 11:10:21, Info: Saving project information...
2017/4/8 11:10:21, Info: Saving project information...
2017/4/8 11:10:21, Info: Saving project information...
2017/4/8 11:10:26, Info: Validating assembly D:\ILive\Project\QiaoTouChen\src\ChenSmart\ChenSmart\bin\ChenSmart.dll...
2017/4/8 11:10:26, Info: Verifying assembly D:\ILive\Project\QiaoTouChen\src\ChenSmart\ChenSmart\bin\ChenSmart.dll
2017/4/8 11:10:57, Info: Saving project information...
2017/4/8 11:10:57, Info: Saving project information...
2017/4/8 11:10:57, Info: Saving project information...
2017/4/8 11:10:57, Info: Saving project information...
2017/4/8 11:10:57, Info: Saving project information...
2017/4/8 11:10:57, Info: Saving project information...
2017/4/8 11:11:00, Info: Terminating SIMPLSharp Services
