2017/4/8 9:12:20, Info: Initializing SIMPLSharp Services...
2017/4/8 9:12:21, Info: ProjectInfo successfully initialized.
2017/4/8 9:14:23, Info: Validating assembly D:\ILive\Project\QiaoTouChen\src\ChenSmart\ChenSmart\bin\ChenSmart.dll...
2017/4/8 9:14:24, Info: Verifying assembly D:\ILive\Project\QiaoTouChen\src\ChenSmart\ChenSmart\bin\ChenSmart.dll
2017/4/8 9:17:15, Info: Saving project information...
2017/4/8 9:17:17, Info: Saving project information...
2017/4/8 9:17:17, Info: Saving project information...
2017/4/8 9:21:04, Info: Saving project information...
2017/4/8 9:21:04, Info: Saving project information...
2017/4/8 9:21:04, Info: Saving project information...
2017/4/8 9:21:04, Info: Saving project information...
2017/4/8 9:21:04, Info: Saving project information...
2017/4/8 9:21:04, Info: Saving project information...
2017/4/8 9:21:39, Info: Validating assembly D:\ILive\Project\QiaoTouChen\src\ChenSmart\ChenSmart\bin\ChenSmart.dll...
2017/4/8 9:21:39, Info: Verifying assembly D:\ILive\Project\QiaoTouChen\src\ChenSmart\ChenSmart\bin\ChenSmart.dll
2017/4/8 9:22:15, Info: Saving project information...
2017/4/8 9:22:15, Info: Saving project information...
2017/4/8 9:22:15, Info: Saving project information...
2017/4/8 9:27:15, Info: Saving project information...
2017/4/8 9:27:17, Info: Saving project information...
2017/4/8 9:27:17, Info: Saving project information...
2017/4/8 9:32:15, Info: Saving project information...
2017/4/8 9:32:17, Info: Saving project information...
2017/4/8 9:32:17, Info: Saving project information...
2017/4/8 9:37:15, Info: Saving project information...
2017/4/8 9:37:17, Info: Saving project information...
2017/4/8 9:37:17, Info: Saving project information...
2017/4/8 9:42:15, Info: Saving project information...
2017/4/8 9:42:17, Info: Saving project information...
2017/4/8 9:42:17, Info: Saving project information...
2017/4/8 9:47:15, Info: Saving project information...
2017/4/8 9:47:17, Info: Saving project information...
2017/4/8 9:47:17, Info: Saving project information...
2017/4/8 9:52:15, Info: Saving project information...
2017/4/8 9:52:17, Info: Saving project information...
2017/4/8 9:52:17, Info: Saving project information...
2017/4/8 9:57:15, Info: Saving project information...
2017/4/8 9:57:15, Info: Saving project information...
2017/4/8 9:57:15, Info: Saving project information...
2017/4/8 10:02:15, Info: Saving project information...
2017/4/8 10:02:17, Info: Saving project information...
2017/4/8 10:02:17, Info: Saving project information...
2017/4/8 10:07:15, Info: Saving project information...
2017/4/8 10:07:17, Info: Saving project information...
2017/4/8 10:07:17, Info: Saving project information...
2017/4/8 10:12:14, Info: Saving project information...
2017/4/8 10:12:15, Info: Saving project information...
2017/4/8 10:12:15, Info: Saving project information...
2017/4/8 10:12:15, Info: Saving project information...
2017/4/8 10:12:15, Info: Saving project information...
2017/4/8 10:12:15, Info: Saving project information...
2017/4/8 10:12:21, Info: Validating assembly D:\ILive\Project\QiaoTouChen\src\ChenSmart\ChenSmart\bin\ChenSmart.dll...
2017/4/8 10:12:22, Info: Verifying assembly D:\ILive\Project\QiaoTouChen\src\ChenSmart\ChenSmart\bin\ChenSmart.dll
2017/4/8 10:16:20, Info: Saving project information...
2017/4/8 10:16:20, Info: Saving project information...
2017/4/8 10:16:20, Info: Saving project information...
2017/4/8 10:16:21, Info: Saving project information...
2017/4/8 10:16:21, Info: Saving project information...
2017/4/8 10:16:21, Info: Saving project information...
2017/4/8 10:16:22, Info: Terminating SIMPLSharp Services
