2017/4/7 8:52:37, Info: Initializing SIMPLSharp Services...
2017/4/7 8:52:38, Info: ProjectInfo successfully initialized.
2017/4/7 8:53:09, Info: Validating assembly D:\ILive\Project\QiaoTouChen\src\ChenSmart\ChenSmart\bin\ChenSmart.dll...
2017/4/7 8:53:10, Info: Verifying assembly D:\ILive\Project\QiaoTouChen\src\ChenSmart\ChenSmart\bin\ChenSmart.dll
2017/4/7 8:57:31, Info: Saving project information...
2017/4/7 8:57:33, Info: Saving project information...
2017/4/7 8:57:33, Info: Saving project information...
2017/4/7 9:02:31, Info: Saving project information...
2017/4/7 9:02:33, Info: Saving project information...
2017/4/7 9:02:33, Info: Saving project information...
2017/4/7 9:07:31, Info: Saving project information...
2017/4/7 9:07:31, Info: Saving project information...
2017/4/7 9:07:31, Info: Saving project information...
2017/4/7 9:59:18, Info: Saving project information...
2017/4/7 9:59:18, Info: Saving project information...
2017/4/7 9:59:18, Info: Saving project information...
2017/4/7 10:04:18, Info: Saving project information...
2017/4/7 10:04:19, Info: Saving project information...
2017/4/7 10:04:19, Info: Saving project information...
2017/4/7 10:09:18, Info: Saving project information...
2017/4/7 10:09:19, Info: Saving project information...
2017/4/7 10:09:19, Info: Saving project information...
2017/4/7 10:18:55, Info: Saving project information...
2017/4/7 10:18:57, Info: Saving project information...
2017/4/7 10:18:57, Info: Saving project information...
2017/4/7 10:23:55, Info: Saving project information...
2017/4/7 10:23:57, Info: Saving project information...
2017/4/7 10:23:57, Info: Saving project information...
2017/4/7 10:28:55, Info: Saving project information...
2017/4/7 10:28:57, Info: Saving project information...
2017/4/7 10:28:57, Info: Saving project information...
2017/4/7 10:33:55, Info: Saving project information...
2017/4/7 10:33:57, Info: Saving project information...
2017/4/7 10:33:57, Info: Saving project information...
2017/4/7 10:38:55, Info: Saving project information...
2017/4/7 10:38:57, Info: Saving project information...
2017/4/7 10:38:57, Info: Saving project information...
2017/4/7 10:43:55, Info: Saving project information...
2017/4/7 10:43:57, Info: Saving project information...
2017/4/7 10:43:57, Info: Saving project information...
2017/4/7 10:48:55, Info: Saving project information...
2017/4/7 10:48:57, Info: Saving project information...
2017/4/7 10:48:57, Info: Saving project information...
2017/4/7 10:53:55, Info: Saving project information...
2017/4/7 10:53:57, Info: Saving project information...
2017/4/7 10:53:57, Info: Saving project information...
2017/4/7 10:58:55, Info: Saving project information...
2017/4/7 10:58:57, Info: Saving project information...
2017/4/7 10:58:57, Info: Saving project information...
2017/4/7 11:03:55, Info: Saving project information...
2017/4/7 11:03:57, Info: Saving project information...
2017/4/7 11:03:57, Info: Saving project information...
2017/4/7 11:08:55, Info: Saving project information...
2017/4/7 11:08:57, Info: Saving project information...
2017/4/7 11:08:57, Info: Saving project information...
2017/4/7 11:13:55, Info: Saving project information...
2017/4/7 11:13:57, Info: Saving project information...
2017/4/7 11:13:57, Info: Saving project information...
2017/4/7 11:18:55, Info: Saving project information...
2017/4/7 11:18:57, Info: Saving project information...
2017/4/7 11:18:57, Info: Saving project information...
2017/4/7 11:23:55, Info: Saving project information...
2017/4/7 11:23:57, Info: Saving project information...
2017/4/7 11:23:57, Info: Saving project information...
2017/4/7 11:28:55, Info: Saving project information...
2017/4/7 11:28:57, Info: Saving project information...
2017/4/7 11:28:57, Info: Saving project information...
2017/4/7 11:33:55, Info: Saving project information...
2017/4/7 11:33:57, Info: Saving project information...
2017/4/7 11:33:57, Info: Saving project information...
2017/4/7 11:38:55, Info: Saving project information...
2017/4/7 11:38:57, Info: Saving project information...
2017/4/7 11:38:57, Info: Saving project information...
2017/4/7 11:43:55, Info: Saving project information...
2017/4/7 11:43:57, Info: Saving project information...
2017/4/7 11:43:57, Info: Saving project information...
2017/4/7 11:48:55, Info: Saving project information...
2017/4/7 11:48:57, Info: Saving project information...
2017/4/7 11:48:57, Info: Saving project information...
2017/4/7 11:53:55, Info: Saving project information...
2017/4/7 11:53:57, Info: Saving project information...
2017/4/7 11:53:57, Info: Saving project information...
2017/4/7 11:58:55, Info: Saving project information...
2017/4/7 11:58:57, Info: Saving project information...
2017/4/7 11:58:57, Info: Saving project information...
2017/4/7 12:03:55, Info: Saving project information...
2017/4/7 12:03:57, Info: Saving project information...
2017/4/7 12:03:57, Info: Saving project information...
2017/4/7 12:08:55, Info: Saving project information...
2017/4/7 12:08:57, Info: Saving project information...
2017/4/7 12:08:57, Info: Saving project information...
2017/4/7 12:13:55, Info: Saving project information...
2017/4/7 12:13:57, Info: Saving project information...
2017/4/7 12:13:57, Info: Saving project information...
2017/4/7 12:18:55, Info: Saving project information...
2017/4/7 12:18:57, Info: Saving project information...
2017/4/7 12:18:57, Info: Saving project information...
2017/4/7 12:23:55, Info: Saving project information...
2017/4/7 12:23:57, Info: Saving project information...
2017/4/7 12:23:57, Info: Saving project information...
2017/4/7 12:28:55, Info: Saving project information...
2017/4/7 12:28:57, Info: Saving project information...
2017/4/7 12:28:57, Info: Saving project information...
2017/4/7 12:33:55, Info: Saving project information...
2017/4/7 12:33:57, Info: Saving project information...
2017/4/7 12:33:57, Info: Saving project information...
2017/4/7 12:38:55, Info: Saving project information...
2017/4/7 12:38:57, Info: Saving project information...
2017/4/7 12:38:57, Info: Saving project information...
2017/4/7 12:43:55, Info: Saving project information...
2017/4/7 12:43:57, Info: Saving project information...
2017/4/7 12:43:57, Info: Saving project information...
2017/4/7 12:48:55, Info: Saving project information...
2017/4/7 12:48:57, Info: Saving project information...
2017/4/7 12:48:57, Info: Saving project information...
2017/4/7 12:53:55, Info: Saving project information...
2017/4/7 12:53:57, Info: Saving project information...
2017/4/7 12:53:57, Info: Saving project information...
2017/4/7 12:58:55, Info: Saving project information...
2017/4/7 12:58:57, Info: Saving project information...
2017/4/7 12:58:57, Info: Saving project information...
2017/4/7 13:03:55, Info: Saving project information...
2017/4/7 13:03:57, Info: Saving project information...
2017/4/7 13:03:57, Info: Saving project information...
2017/4/7 13:08:55, Info: Saving project information...
2017/4/7 13:08:57, Info: Saving project information...
2017/4/7 13:08:57, Info: Saving project information...
2017/4/7 13:13:55, Info: Saving project information...
2017/4/7 13:13:57, Info: Saving project information...
2017/4/7 13:13:57, Info: Saving project information...
2017/4/7 13:18:55, Info: Saving project information...
2017/4/7 13:18:57, Info: Saving project information...
2017/4/7 13:18:57, Info: Saving project information...
2017/4/7 13:23:55, Info: Saving project information...
2017/4/7 13:23:57, Info: Saving project information...
2017/4/7 13:23:57, Info: Saving project information...
2017/4/7 13:39:01, Info: Saving project information...
2017/4/7 13:39:02, Info: Saving project information...
2017/4/7 13:39:02, Info: Saving project information...
2017/4/7 13:44:01, Info: Saving project information...
2017/4/7 13:44:02, Info: Saving project information...
2017/4/7 13:44:02, Info: Saving project information...
2017/4/7 13:49:01, Info: Saving project information...
2017/4/7 13:49:02, Info: Saving project information...
2017/4/7 13:49:02, Info: Saving project information...
2017/4/7 13:54:01, Info: Saving project information...
2017/4/7 13:54:02, Info: Saving project information...
2017/4/7 13:54:02, Info: Saving project information...
2017/4/7 13:59:01, Info: Saving project information...
2017/4/7 13:59:02, Info: Saving project information...
2017/4/7 13:59:02, Info: Saving project information...
2017/4/7 14:04:01, Info: Saving project information...
2017/4/7 14:04:02, Info: Saving project information...
2017/4/7 14:04:02, Info: Saving project information...
2017/4/7 14:09:01, Info: Saving project information...
2017/4/7 14:09:02, Info: Saving project information...
2017/4/7 14:09:02, Info: Saving project information...
2017/4/7 14:14:01, Info: Saving project information...
2017/4/7 14:14:02, Info: Saving project information...
2017/4/7 14:14:02, Info: Saving project information...
2017/4/7 14:19:01, Info: Saving project information...
2017/4/7 14:19:02, Info: Saving project information...
2017/4/7 14:19:02, Info: Saving project information...
2017/4/7 14:24:01, Info: Saving project information...
2017/4/7 14:24:01, Info: Saving project information...
2017/4/7 14:24:01, Info: Saving project information...
2017/4/7 14:29:01, Info: Saving project information...
2017/4/7 14:29:02, Info: Saving project information...
2017/4/7 14:29:02, Info: Saving project information...
2017/4/7 14:34:01, Info: Saving project information...
2017/4/7 14:34:02, Info: Saving project information...
2017/4/7 14:34:02, Info: Saving project information...
2017/4/7 14:39:01, Info: Saving project information...
2017/4/7 14:39:02, Info: Saving project information...
2017/4/7 14:39:02, Info: Saving project information...
2017/4/7 14:44:01, Info: Saving project information...
2017/4/7 14:44:02, Info: Saving project information...
2017/4/7 14:44:02, Info: Saving project information...
2017/4/7 14:49:01, Info: Saving project information...
2017/4/7 14:49:02, Info: Saving project information...
2017/4/7 14:49:02, Info: Saving project information...
2017/4/7 14:54:01, Info: Saving project information...
2017/4/7 14:54:02, Info: Saving project information...
2017/4/7 14:54:02, Info: Saving project information...
2017/4/7 14:59:01, Info: Saving project information...
2017/4/7 14:59:02, Info: Saving project information...
2017/4/7 14:59:02, Info: Saving project information...
2017/4/7 15:04:01, Info: Saving project information...
2017/4/7 15:04:02, Info: Saving project information...
2017/4/7 15:04:02, Info: Saving project information...
2017/4/7 15:09:01, Info: Saving project information...
2017/4/7 15:09:02, Info: Saving project information...
2017/4/7 15:09:02, Info: Saving project information...
2017/4/7 15:14:01, Info: Saving project information...
2017/4/7 15:14:02, Info: Saving project information...
2017/4/7 15:14:02, Info: Saving project information...
2017/4/7 15:19:01, Info: Saving project information...
2017/4/7 15:19:02, Info: Saving project information...
2017/4/7 15:19:02, Info: Saving project information...
2017/4/7 15:24:01, Info: Saving project information...
2017/4/7 15:24:02, Info: Saving project information...
2017/4/7 15:24:02, Info: Saving project information...
2017/4/7 15:29:01, Info: Saving project information...
2017/4/7 15:29:02, Info: Saving project information...
2017/4/7 15:29:02, Info: Saving project information...
2017/4/7 15:34:01, Info: Saving project information...
2017/4/7 15:34:02, Info: Saving project information...
2017/4/7 15:34:02, Info: Saving project information...
2017/4/7 15:39:01, Info: Saving project information...
2017/4/7 15:39:02, Info: Saving project information...
2017/4/7 15:39:02, Info: Saving project information...
2017/4/7 15:44:01, Info: Saving project information...
2017/4/7 15:44:02, Info: Saving project information...
2017/4/7 15:44:02, Info: Saving project information...
2017/4/7 15:49:01, Info: Saving project information...
2017/4/7 15:49:02, Info: Saving project information...
2017/4/7 15:49:02, Info: Saving project information...
2017/4/7 15:54:01, Info: Saving project information...
2017/4/7 15:54:02, Info: Saving project information...
2017/4/7 15:54:02, Info: Saving project information...
2017/4/7 15:59:01, Info: Saving project information...
2017/4/7 15:59:02, Info: Saving project information...
2017/4/7 15:59:02, Info: Saving project information...
2017/4/7 16:04:01, Info: Saving project information...
2017/4/7 16:04:02, Info: Saving project information...
2017/4/7 16:04:02, Info: Saving project information...
2017/4/7 16:09:01, Info: Saving project information...
2017/4/7 16:09:02, Info: Saving project information...
2017/4/7 16:09:02, Info: Saving project information...
2017/4/7 16:14:01, Info: Saving project information...
2017/4/7 16:14:02, Info: Saving project information...
2017/4/7 16:14:02, Info: Saving project information...
2017/4/7 16:19:01, Info: Saving project information...
2017/4/7 16:19:02, Info: Saving project information...
2017/4/7 16:19:02, Info: Saving project information...
2017/4/7 16:24:01, Info: Saving project information...
2017/4/7 16:24:02, Info: Saving project information...
2017/4/7 16:24:02, Info: Saving project information...
2017/4/7 16:29:01, Info: Saving project information...
2017/4/7 16:29:02, Info: Saving project information...
2017/4/7 16:29:02, Info: Saving project information...
2017/4/7 16:34:01, Info: Saving project information...
2017/4/7 16:34:02, Info: Saving project information...
2017/4/7 16:34:02, Info: Saving project information...
2017/4/7 16:39:01, Info: Saving project information...
2017/4/7 16:39:02, Info: Saving project information...
2017/4/7 16:39:02, Info: Saving project information...
2017/4/7 16:44:01, Info: Saving project information...
2017/4/7 16:44:02, Info: Saving project information...
2017/4/7 16:44:02, Info: Saving project information...
2017/4/7 16:49:01, Info: Saving project information...
2017/4/7 16:49:02, Info: Saving project information...
2017/4/7 16:49:02, Info: Saving project information...
2017/4/7 16:54:01, Info: Saving project information...
2017/4/7 16:54:02, Info: Saving project information...
2017/4/7 16:54:02, Info: Saving project information...
2017/4/7 16:59:01, Info: Saving project information...
2017/4/7 16:59:02, Info: Saving project information...
2017/4/7 16:59:02, Info: Saving project information...
2017/4/7 17:04:01, Info: Saving project information...
2017/4/7 17:04:02, Info: Saving project information...
2017/4/7 17:04:02, Info: Saving project information...
2017/4/7 17:09:01, Info: Saving project information...
2017/4/7 17:09:02, Info: Saving project information...
2017/4/7 17:09:02, Info: Saving project information...
2017/4/7 17:14:01, Info: Saving project information...
2017/4/7 17:14:02, Info: Saving project information...
2017/4/7 17:14:02, Info: Saving project information...
2017/4/7 17:19:01, Info: Saving project information...
2017/4/7 17:19:02, Info: Saving project information...
2017/4/7 17:19:02, Info: Saving project information...
2017/4/7 17:24:01, Info: Saving project information...
2017/4/7 17:24:02, Info: Saving project information...
2017/4/7 17:24:02, Info: Saving project information...
2017/4/7 17:29:01, Info: Saving project information...
2017/4/7 17:29:02, Info: Saving project information...
2017/4/7 17:29:02, Info: Saving project information...
2017/4/7 17:34:01, Info: Saving project information...
2017/4/7 17:34:02, Info: Saving project information...
2017/4/7 17:34:02, Info: Saving project information...
2017/4/7 17:39:01, Info: Saving project information...
2017/4/7 17:39:02, Info: Saving project information...
2017/4/7 17:39:02, Info: Saving project information...
2017/4/7 17:44:01, Info: Saving project information...
2017/4/7 17:44:01, Info: Saving project information...
2017/4/7 17:44:01, Info: Saving project information...
2017/4/7 17:44:14, Info: Saving project information...
2017/4/7 17:44:14, Info: Saving project information...
2017/4/7 17:44:14, Info: Saving project information...
2017/4/7 17:44:14, Info: Saving project information...
2017/4/7 17:44:14, Info: Saving project information...
2017/4/7 17:44:14, Info: Saving project information...
2017/4/7 17:44:16, Info: Terminating SIMPLSharp Services
