2017/4/26 10:46:16, Info: Initializing SIMPLSharp Services...
2017/4/26 10:46:16, Info: ProjectInfo successfully initialized.
2017/4/26 10:49:11, Info: Validating assembly D:\ILive\Project\QiaoTouChen\src\ChenSmart\ChenSmart\bin\Release\ChenSmart.dll...
2017/4/26 10:49:12, Info: Verifying assembly D:\ILive\Project\QiaoTouChen\src\ChenSmart\ChenSmart\bin\Release\ChenSmart.dll
2017/4/26 10:49:12, Info: Creating Archive D:\ILive\Project\QiaoTouChen\src\ChenSmart\ChenSmart\bin\Release\ChenSmart.cpz...
2017/4/26 10:49:13, Info: Saving project information...
2017/4/26 10:56:51, Info: Validating assembly D:\ILive\Project\QiaoTouChen\src\ChenSmart\ChenSmart\bin\Release\ChenSmart.dll...
2017/4/26 10:56:52, Info: Verifying assembly D:\ILive\Project\QiaoTouChen\src\ChenSmart\ChenSmart\bin\Release\ChenSmart.dll
2017/4/26 10:56:52, Info: Creating Archive D:\ILive\Project\QiaoTouChen\src\ChenSmart\ChenSmart\bin\Release\ChenSmart.cpz...
2017/4/26 10:56:53, Info: Saving project information...
2017/4/26 11:06:11, Info: Validating assembly D:\ILive\Project\QiaoTouChen\src\ChenSmart\ChenSmart\bin\Release\ChenSmart.dll...
2017/4/26 11:06:11, Info: Verifying assembly D:\ILive\Project\QiaoTouChen\src\ChenSmart\ChenSmart\bin\Release\ChenSmart.dll
2017/4/26 11:06:11, Info: Creating Archive D:\ILive\Project\QiaoTouChen\src\ChenSmart\ChenSmart\bin\Release\ChenSmart.cpz...
2017/4/26 11:06:12, Info: Saving project information...
2017/4/26 11:39:44, Info: Validating assembly D:\ILive\Project\QiaoTouChen\src\ChenSmart\ChenSmart\bin\Release\ChenSmart.dll...
2017/4/26 11:39:44, Info: Verifying assembly D:\ILive\Project\QiaoTouChen\src\ChenSmart\ChenSmart\bin\Release\ChenSmart.dll
2017/4/26 11:39:44, Info: Creating Archive D:\ILive\Project\QiaoTouChen\src\ChenSmart\ChenSmart\bin\Release\ChenSmart.cpz...
2017/4/26 11:39:45, Info: Saving project information...
2017/4/26 11:41:05, Info: Validating assembly D:\ILive\Project\QiaoTouChen\src\ChenSmart\ChenSmart\bin\Release\ChenSmart.dll...
2017/4/26 11:41:05, Info: Verifying assembly D:\ILive\Project\QiaoTouChen\src\ChenSmart\ChenSmart\bin\Release\ChenSmart.dll
2017/4/26 11:41:05, Info: Creating Archive D:\ILive\Project\QiaoTouChen\src\ChenSmart\ChenSmart\bin\Release\ChenSmart.cpz...
2017/4/26 11:41:06, Info: Saving project information...
2017/4/26 15:36:07, Info: Validating assembly D:\ILive\Project\QiaoTouChen\src\ChenSmart\ChenSmart\bin\Release\ChenSmart.dll...
2017/4/26 15:36:07, Info: Verifying assembly D:\ILive\Project\QiaoTouChen\src\ChenSmart\ChenSmart\bin\Release\ChenSmart.dll
2017/4/26 15:36:07, Info: Creating Archive D:\ILive\Project\QiaoTouChen\src\ChenSmart\ChenSmart\bin\Release\ChenSmart.cpz...
2017/4/26 15:36:08, Info: Saving project information...
2017/4/26 17:09:52, Info: Terminating SIMPLSharp Services
