2017/5/10 13:15:52, Info: Initializing SIMPLSharp Services...
2017/5/10 13:15:52, Info: ProjectInfo successfully initialized.
2017/5/10 14:07:02, Info: Validating assembly D:\ILive\Project\QiaoTouChen\src\ChenSmart\ChenSmart\bin\Release\ChenSmart.dll...
2017/5/10 14:07:02, Info: Verifying assembly D:\ILive\Project\QiaoTouChen\src\ChenSmart\ChenSmart\bin\Release\ChenSmart.dll
2017/5/10 14:07:03, Info: Creating Archive D:\ILive\Project\QiaoTouChen\src\ChenSmart\ChenSmart\bin\Release\ChenSmart.cpz...
2017/5/10 14:07:03, Info: Saving project information...
2017/5/10 14:10:05, Info: Validating assembly D:\ILive\Project\QiaoTouChen\src\ChenSmart\ChenSmart\bin\Release\ChenSmart.dll...
2017/5/10 14:10:05, Info: Verifying assembly D:\ILive\Project\QiaoTouChen\src\ChenSmart\ChenSmart\bin\Release\ChenSmart.dll
2017/5/10 14:10:06, Info: Creating Archive D:\ILive\Project\QiaoTouChen\src\ChenSmart\ChenSmart\bin\Release\ChenSmart.cpz...
2017/5/10 14:10:06, Info: Saving project information...
2017/5/10 14:38:02, Info: Validating assembly D:\ILive\Project\QiaoTouChen\src\ChenSmart\ChenSmart\bin\Release\ChenSmart.dll...
2017/5/10 14:38:03, Info: Verifying assembly D:\ILive\Project\QiaoTouChen\src\ChenSmart\ChenSmart\bin\Release\ChenSmart.dll
2017/5/10 14:38:03, Info: Creating Archive D:\ILive\Project\QiaoTouChen\src\ChenSmart\ChenSmart\bin\Release\ChenSmart.cpz...
2017/5/10 14:38:04, Info: Saving project information...
2017/5/10 15:16:17, Info: Validating assembly D:\ILive\Project\QiaoTouChen\src\ChenSmart\ChenSmart\bin\Release\ChenSmart.dll...
2017/5/10 15:16:18, Info: Verifying assembly D:\ILive\Project\QiaoTouChen\src\ChenSmart\ChenSmart\bin\Release\ChenSmart.dll
2017/5/10 15:16:18, Info: Creating Archive D:\ILive\Project\QiaoTouChen\src\ChenSmart\ChenSmart\bin\Release\ChenSmart.cpz...
2017/5/10 15:16:18, Info: Saving project information...
2017/5/10 15:35:01, Info: Validating assembly D:\ILive\Project\QiaoTouChen\src\ChenSmart\ChenSmart\bin\Release\ChenSmart.dll...
2017/5/10 15:35:02, Info: Verifying assembly D:\ILive\Project\QiaoTouChen\src\ChenSmart\ChenSmart\bin\Release\ChenSmart.dll
2017/5/10 15:35:02, Info: Creating Archive D:\ILive\Project\QiaoTouChen\src\ChenSmart\ChenSmart\bin\Release\ChenSmart.cpz...
2017/5/10 15:35:02, Info: Saving project information...
2017/5/10 15:38:40, Info: Terminating SIMPLSharp Services
