2017/5/9 9:10:11, Info: Initializing SIMPLSharp Services...
2017/5/9 9:10:12, Info: ProjectInfo successfully initialized.
2017/5/9 9:10:49, Info: Validating assembly D:\ILive\Project\QiaoTouChen\src\ChenSmart\ChenSmart\bin\Release\ChenSmart.dll...
2017/5/9 9:10:50, Info: Verifying assembly D:\ILive\Project\QiaoTouChen\src\ChenSmart\ChenSmart\bin\Release\ChenSmart.dll
2017/5/9 9:10:50, Info: Creating Archive D:\ILive\Project\QiaoTouChen\src\ChenSmart\ChenSmart\bin\Release\ChenSmart.cpz...
2017/5/9 9:10:51, Info: Saving project information...
2017/5/9 9:15:05, Info: Saving project information...
2017/5/9 9:15:05, Info: Saving project information...
2017/5/9 9:15:05, Info: Saving project information...
2017/5/9 9:20:05, Info: Saving project information...
2017/5/9 9:20:07, Info: Saving project information...
2017/5/9 9:20:07, Info: Saving project information...
2017/5/9 9:25:05, Info: Saving project information...
2017/5/9 9:25:07, Info: Saving project information...
2017/5/9 9:25:07, Info: Saving project information...
2017/5/9 9:30:05, Info: Saving project information...
2017/5/9 9:30:07, Info: Saving project information...
2017/5/9 9:30:07, Info: Saving project information...
2017/5/9 9:35:05, Info: Saving project information...
2017/5/9 9:35:07, Info: Saving project information...
2017/5/9 9:35:07, Info: Saving project information...
2017/5/9 9:42:57, Info: Saving project information...
2017/5/9 9:42:58, Info: Saving project information...
2017/5/9 9:42:58, Info: Saving project information...
2017/5/9 9:47:57, Info: Saving project information...
2017/5/9 9:47:58, Info: Saving project information...
2017/5/9 9:47:58, Info: Saving project information...
2017/5/9 9:52:57, Info: Saving project information...
2017/5/9 9:52:58, Info: Saving project information...
2017/5/9 9:52:58, Info: Saving project information...
2017/5/9 9:57:57, Info: Saving project information...
2017/5/9 9:57:57, Info: Saving project information...
2017/5/9 9:57:57, Info: Saving project information...
2017/5/9 10:02:57, Info: Saving project information...
2017/5/9 10:02:58, Info: Saving project information...
2017/5/9 10:02:58, Info: Saving project information...
2017/5/9 10:05:30, Info: Saving project information...
2017/5/9 10:05:30, Info: Saving project information...
2017/5/9 10:05:30, Info: Saving project information...
2017/5/9 10:05:30, Info: Saving project information...
2017/5/9 10:05:30, Info: Saving project information...
2017/5/9 10:05:30, Info: Saving project information...
2017/5/9 10:05:34, Info: Validating assembly D:\ILive\Project\QiaoTouChen\src\ChenSmart\ChenSmart\bin\Release\ChenSmart.dll...
2017/5/9 10:05:34, Info: Verifying assembly D:\ILive\Project\QiaoTouChen\src\ChenSmart\ChenSmart\bin\Release\ChenSmart.dll
2017/5/9 10:05:34, Info: Creating Archive D:\ILive\Project\QiaoTouChen\src\ChenSmart\ChenSmart\bin\Release\ChenSmart.cpz...
2017/5/9 10:05:35, Info: Saving project information...
2017/5/9 10:07:56, Info: Validating assembly D:\ILive\Project\QiaoTouChen\src\ChenSmart\ChenSmart\bin\Release\ChenSmart.dll...
2017/5/9 10:07:56, Info: Verifying assembly D:\ILive\Project\QiaoTouChen\src\ChenSmart\ChenSmart\bin\Release\ChenSmart.dll
2017/5/9 10:07:56, Info: Creating Archive D:\ILive\Project\QiaoTouChen\src\ChenSmart\ChenSmart\bin\Release\ChenSmart.cpz...
2017/5/9 10:07:57, Info: Saving project information...
2017/5/9 10:21:26, Info: Validating assembly D:\ILive\Project\QiaoTouChen\src\ChenSmart\ChenSmart\bin\Release\ChenSmart.dll...
2017/5/9 10:21:26, Info: Verifying assembly D:\ILive\Project\QiaoTouChen\src\ChenSmart\ChenSmart\bin\Release\ChenSmart.dll
2017/5/9 10:21:26, Info: Creating Archive D:\ILive\Project\QiaoTouChen\src\ChenSmart\ChenSmart\bin\Release\ChenSmart.cpz...
2017/5/9 10:21:27, Info: Saving project information...
2017/5/9 10:21:37, Info: Validating assembly D:\ILive\Project\QiaoTouChen\src\ChenSmart\ChenSmart\bin\Release\ChenSmart.dll...
2017/5/9 10:21:37, Info: Verifying assembly D:\ILive\Project\QiaoTouChen\src\ChenSmart\ChenSmart\bin\Release\ChenSmart.dll
2017/5/9 10:21:37, Info: Creating Archive D:\ILive\Project\QiaoTouChen\src\ChenSmart\ChenSmart\bin\Release\ChenSmart.cpz...
2017/5/9 10:21:38, Info: Saving project information...
2017/5/9 10:21:45, Info: Terminating SIMPLSharp Services
