2017/4/6 11:25:41, Info: Initializing SIMPLSharp Services...
2017/4/6 11:25:41, Info: ProjectInfo successfully initialized.
2017/4/6 11:47:51, Info: Saving project information...
2017/4/6 11:47:52, Info: Saving project information...
2017/4/6 11:47:52, Info: Saving project information...
2017/4/6 11:47:52, Info: Saving project information...
2017/4/6 11:47:52, Info: Saving project information...
2017/4/6 11:47:52, Info: Saving project information...
2017/4/6 11:49:56, Info: Validating assembly D:\ILive\Project\QiaoTouChen\src\ChenSmart\ChenSmart\bin\ChenSmart.dll...
2017/4/6 11:49:56, Info: Verifying assembly D:\ILive\Project\QiaoTouChen\src\ChenSmart\ChenSmart\bin\ChenSmart.dll
2017/4/6 11:50:37, Info: Saving project information...
2017/4/6 11:50:37, Info: Saving project information...
2017/4/6 11:50:37, Info: Saving project information...
2017/4/6 11:55:37, Info: Saving project information...
2017/4/6 11:55:38, Info: Saving project information...
2017/4/6 11:55:38, Info: Saving project information...
2017/4/6 12:00:37, Info: Saving project information...
2017/4/6 12:00:38, Info: Saving project information...
2017/4/6 12:00:38, Info: Saving project information...
2017/4/6 12:05:37, Info: Saving project information...
2017/4/6 12:05:38, Info: Saving project information...
2017/4/6 12:05:38, Info: Saving project information...
2017/4/6 12:06:20, Info: Saving project information...
2017/4/6 12:06:20, Info: Saving project information...
2017/4/6 12:06:20, Info: Saving project information...
2017/4/6 12:06:20, Info: Saving project information...
2017/4/6 12:06:20, Info: Saving project information...
2017/4/6 12:06:20, Info: Saving project information...
2017/4/6 12:06:22, Info: Validating assembly D:\ILive\Project\QiaoTouChen\src\ChenSmart\ChenSmart\bin\ChenSmart.dll...
2017/4/6 12:06:23, Info: Verifying assembly D:\ILive\Project\QiaoTouChen\src\ChenSmart\ChenSmart\bin\ChenSmart.dll
2017/4/6 12:10:37, Info: Saving project information...
2017/4/6 12:10:38, Info: Saving project information...
2017/4/6 12:10:38, Info: Saving project information...
2017/4/6 12:15:37, Info: Saving project information...
2017/4/6 12:15:38, Info: Saving project information...
2017/4/6 12:15:38, Info: Saving project information...
2017/4/6 12:20:37, Info: Saving project information...
2017/4/6 12:20:38, Info: Saving project information...
2017/4/6 12:20:38, Info: Saving project information...
2017/4/6 12:25:37, Info: Saving project information...
2017/4/6 12:25:38, Info: Saving project information...
2017/4/6 12:25:38, Info: Saving project information...
2017/4/6 12:30:37, Info: Saving project information...
2017/4/6 12:30:38, Info: Saving project information...
2017/4/6 12:30:38, Info: Saving project information...
2017/4/6 12:35:37, Info: Saving project information...
2017/4/6 12:35:38, Info: Saving project information...
2017/4/6 12:35:38, Info: Saving project information...
2017/4/6 12:40:37, Info: Saving project information...
2017/4/6 12:40:38, Info: Saving project information...
2017/4/6 12:40:38, Info: Saving project information...
2017/4/6 12:45:37, Info: Saving project information...
2017/4/6 12:45:38, Info: Saving project information...
2017/4/6 12:45:38, Info: Saving project information...
2017/4/6 12:50:37, Info: Saving project information...
2017/4/6 12:50:37, Info: Saving project information...
2017/4/6 12:50:37, Info: Saving project information...
2017/4/6 12:55:37, Info: Saving project information...
2017/4/6 12:55:38, Info: Saving project information...
2017/4/6 12:55:38, Info: Saving project information...
2017/4/6 13:00:37, Info: Saving project information...
2017/4/6 13:00:38, Info: Saving project information...
2017/4/6 13:00:38, Info: Saving project information...
2017/4/6 13:05:37, Info: Saving project information...
2017/4/6 13:05:38, Info: Saving project information...
2017/4/6 13:05:38, Info: Saving project information...
2017/4/6 13:10:37, Info: Saving project information...
2017/4/6 13:10:38, Info: Saving project information...
2017/4/6 13:10:38, Info: Saving project information...
2017/4/6 13:15:37, Info: Saving project information...
2017/4/6 13:15:38, Info: Saving project information...
2017/4/6 13:15:38, Info: Saving project information...
2017/4/6 13:20:37, Info: Saving project information...
2017/4/6 13:20:37, Info: Saving project information...
2017/4/6 13:20:37, Info: Saving project information...
2017/4/6 13:25:37, Info: Saving project information...
2017/4/6 13:25:37, Info: Saving project information...
2017/4/6 13:25:37, Info: Saving project information...
2017/4/6 13:30:37, Info: Saving project information...
2017/4/6 13:30:37, Info: Saving project information...
2017/4/6 13:30:37, Info: Saving project information...
2017/4/6 13:35:37, Info: Saving project information...
2017/4/6 13:35:38, Info: Saving project information...
2017/4/6 13:35:38, Info: Saving project information...
2017/4/6 13:40:37, Info: Saving project information...
2017/4/6 13:40:37, Info: Saving project information...
2017/4/6 13:40:37, Info: Saving project information...
2017/4/6 13:45:37, Info: Saving project information...
2017/4/6 13:45:39, Info: Saving project information...
2017/4/6 13:45:39, Info: Saving project information...
2017/4/6 13:50:37, Info: Saving project information...
2017/4/6 13:50:38, Info: Saving project information...
2017/4/6 13:50:39, Info: Saving project information...
2017/4/6 13:55:37, Info: Saving project information...
2017/4/6 13:55:39, Info: Saving project information...
2017/4/6 13:55:39, Info: Saving project information...
2017/4/6 14:00:37, Info: Saving project information...
2017/4/6 14:00:39, Info: Saving project information...
2017/4/6 14:00:39, Info: Saving project information...
2017/4/6 14:05:37, Info: Saving project information...
2017/4/6 14:05:38, Info: Saving project information...
2017/4/6 14:05:38, Info: Saving project information...
2017/4/6 14:10:37, Info: Saving project information...
2017/4/6 14:10:38, Info: Saving project information...
2017/4/6 14:10:38, Info: Saving project information...
2017/4/6 14:15:37, Info: Saving project information...
2017/4/6 14:15:39, Info: Saving project information...
2017/4/6 14:15:39, Info: Saving project information...
2017/4/6 14:20:37, Info: Saving project information...
2017/4/6 14:20:39, Info: Saving project information...
2017/4/6 14:20:39, Info: Saving project information...
2017/4/6 14:25:37, Info: Saving project information...
2017/4/6 14:25:37, Info: Saving project information...
2017/4/6 14:25:37, Info: Saving project information...
2017/4/6 14:30:37, Info: Saving project information...
2017/4/6 14:30:39, Info: Saving project information...
2017/4/6 14:30:39, Info: Saving project information...
2017/4/6 14:35:37, Info: Saving project information...
2017/4/6 14:35:39, Info: Saving project information...
2017/4/6 14:35:39, Info: Saving project information...
2017/4/6 14:40:37, Info: Saving project information...
2017/4/6 14:40:37, Info: Saving project information...
2017/4/6 14:40:37, Info: Saving project information...
2017/4/6 14:45:37, Info: Saving project information...
2017/4/6 14:45:38, Info: Saving project information...
2017/4/6 14:45:38, Info: Saving project information...
2017/4/6 14:50:37, Info: Saving project information...
2017/4/6 14:50:39, Info: Saving project information...
2017/4/6 14:50:39, Info: Saving project information...
2017/4/6 14:55:37, Info: Saving project information...
2017/4/6 14:55:39, Info: Saving project information...
2017/4/6 14:55:39, Info: Saving project information...
2017/4/6 15:00:37, Info: Saving project information...
2017/4/6 15:00:39, Info: Saving project information...
2017/4/6 15:00:39, Info: Saving project information...
2017/4/6 15:05:37, Info: Saving project information...
2017/4/6 15:05:39, Info: Saving project information...
2017/4/6 15:05:39, Info: Saving project information...
2017/4/6 15:10:37, Info: Saving project information...
2017/4/6 15:10:38, Info: Saving project information...
2017/4/6 15:10:38, Info: Saving project information...
2017/4/6 15:10:41, Info: Saving project information...
2017/4/6 15:10:41, Info: Saving project information...
2017/4/6 15:10:41, Info: Saving project information...
2017/4/6 15:10:41, Info: Saving project information...
2017/4/6 15:10:41, Info: Saving project information...
2017/4/6 15:10:41, Info: Saving project information...
2017/4/6 15:19:48, Info: Validating assembly D:\ILive\Project\QiaoTouChen\src\ChenSmart\ChenSmart\bin\ChenSmart.dll...
2017/4/6 15:19:48, Info: Verifying assembly D:\ILive\Project\QiaoTouChen\src\ChenSmart\ChenSmart\bin\ChenSmart.dll
2017/4/6 15:20:37, Info: Saving project information...
2017/4/6 15:20:37, Info: Saving project information...
2017/4/6 15:20:37, Info: Saving project information...
2017/4/6 15:25:37, Info: Saving project information...
2017/4/6 15:25:38, Info: Saving project information...
2017/4/6 15:25:38, Info: Saving project information...
2017/4/6 15:30:37, Info: Saving project information...
2017/4/6 15:30:38, Info: Saving project information...
2017/4/6 15:30:39, Info: Saving project information...
2017/4/6 15:35:37, Info: Saving project information...
2017/4/6 15:35:37, Info: Saving project information...
2017/4/6 15:35:37, Info: Saving project information...
2017/4/6 15:40:37, Info: Saving project information...
2017/4/6 15:40:37, Info: Saving project information...
2017/4/6 15:40:37, Info: Saving project information...
2017/4/6 15:45:37, Info: Saving project information...
2017/4/6 15:45:37, Info: Saving project information...
2017/4/6 15:45:37, Info: Saving project information...
2017/4/6 15:50:37, Info: Saving project information...
2017/4/6 15:50:37, Info: Saving project information...
2017/4/6 15:50:37, Info: Saving project information...
2017/4/6 15:55:37, Info: Saving project information...
2017/4/6 15:55:38, Info: Saving project information...
2017/4/6 15:55:38, Info: Saving project information...
2017/4/6 16:00:37, Info: Saving project information...
2017/4/6 16:00:38, Info: Saving project information...
2017/4/6 16:00:38, Info: Saving project information...
2017/4/6 16:05:37, Info: Saving project information...
2017/4/6 16:05:38, Info: Saving project information...
2017/4/6 16:05:38, Info: Saving project information...
2017/4/6 16:10:37, Info: Saving project information...
2017/4/6 16:10:37, Info: Saving project information...
2017/4/6 16:10:37, Info: Saving project information...
2017/4/6 16:15:37, Info: Saving project information...
2017/4/6 16:15:39, Info: Saving project information...
2017/4/6 16:15:39, Info: Saving project information...
2017/4/6 16:20:37, Info: Saving project information...
2017/4/6 16:20:38, Info: Saving project information...
2017/4/6 16:20:38, Info: Saving project information...
2017/4/6 16:25:37, Info: Saving project information...
2017/4/6 16:25:38, Info: Saving project information...
2017/4/6 16:25:38, Info: Saving project information...
2017/4/6 16:30:37, Info: Saving project information...
2017/4/6 16:30:38, Info: Saving project information...
2017/4/6 16:30:38, Info: Saving project information...
2017/4/6 16:35:37, Info: Saving project information...
2017/4/6 16:35:38, Info: Saving project information...
2017/4/6 16:35:38, Info: Saving project information...
2017/4/6 16:40:37, Info: Saving project information...
2017/4/6 16:40:38, Info: Saving project information...
2017/4/6 16:40:38, Info: Saving project information...
2017/4/6 16:45:37, Info: Saving project information...
2017/4/6 16:45:38, Info: Saving project information...
2017/4/6 16:45:38, Info: Saving project information...
2017/4/6 16:50:37, Info: Saving project information...
2017/4/6 16:50:38, Info: Saving project information...
2017/4/6 16:50:38, Info: Saving project information...
2017/4/6 16:55:37, Info: Saving project information...
2017/4/6 16:55:38, Info: Saving project information...
2017/4/6 16:55:38, Info: Saving project information...
2017/4/6 17:00:37, Info: Saving project information...
2017/4/6 17:00:39, Info: Saving project information...
2017/4/6 17:00:39, Info: Saving project information...
2017/4/6 17:05:37, Info: Saving project information...
2017/4/6 17:05:38, Info: Saving project information...
2017/4/6 17:05:38, Info: Saving project information...
2017/4/6 17:10:37, Info: Saving project information...
2017/4/6 17:10:39, Info: Saving project information...
2017/4/6 17:10:39, Info: Saving project information...
2017/4/6 17:15:37, Info: Saving project information...
2017/4/6 17:15:38, Info: Saving project information...
2017/4/6 17:15:38, Info: Saving project information...
2017/4/6 17:20:37, Info: Saving project information...
2017/4/6 17:20:37, Info: Saving project information...
2017/4/6 17:20:37, Info: Saving project information...
2017/4/6 17:25:37, Info: Saving project information...
2017/4/6 17:25:37, Info: Saving project information...
2017/4/6 17:25:37, Info: Saving project information...
2017/4/6 17:30:37, Info: Saving project information...
2017/4/6 17:30:38, Info: Saving project information...
2017/4/6 17:30:38, Info: Saving project information...
2017/4/6 17:35:31, Info: Saving project information...
2017/4/6 17:35:31, Info: Saving project information...
2017/4/6 17:35:31, Info: Saving project information...
2017/4/6 17:35:31, Info: Saving project information...
2017/4/6 17:35:31, Info: Saving project information...
2017/4/6 17:35:31, Info: Saving project information...
2017/4/6 17:35:33, Info: Terminating SIMPLSharp Services
