2017/4/28 20:29:12, Info: Initializing SIMPLSharp Services...
2017/4/28 20:29:13, Info: ProjectInfo successfully initialized.
2017/4/28 20:29:22, Info: Validating assembly E:\ILive\Project\ChenSmart\ChenSmart\bin\Release\ChenSmart.dll...
2017/4/28 20:29:22, Info: Verifying assembly E:\ILive\Project\ChenSmart\ChenSmart\bin\Release\ChenSmart.dll
2017/4/28 20:29:23, Info: Creating Archive E:\ILive\Project\ChenSmart\ChenSmart\bin\Release\ChenSmart.cpz...
2017/4/28 20:29:23, Info: Saving project information...
2017/4/28 20:48:58, Info: Validating assembly E:\ILive\Project\ChenSmart\ChenSmart\bin\Release\ChenSmart.dll...
2017/4/28 20:48:58, Info: Verifying assembly E:\ILive\Project\ChenSmart\ChenSmart\bin\Release\ChenSmart.dll
2017/4/28 20:48:58, Info: Creating Archive E:\ILive\Project\ChenSmart\ChenSmart\bin\Release\ChenSmart.cpz...
2017/4/28 20:48:59, Info: Saving project information...
2017/4/28 20:49:07, Info: Validating assembly E:\ILive\Project\ChenSmart\ChenSmart\bin\Release\ChenSmart.dll...
2017/4/28 20:49:07, Info: Verifying assembly E:\ILive\Project\ChenSmart\ChenSmart\bin\Release\ChenSmart.dll
2017/4/28 20:49:07, Info: Creating Archive E:\ILive\Project\ChenSmart\ChenSmart\bin\Release\ChenSmart.cpz...
2017/4/28 20:49:08, Info: Saving project information...
2017/4/28 20:59:18, Info: Validating assembly E:\ILive\Project\ChenSmart\ChenSmart\bin\Release\ChenSmart.dll...
2017/4/28 20:59:19, Info: Verifying assembly E:\ILive\Project\ChenSmart\ChenSmart\bin\Release\ChenSmart.dll
2017/4/28 20:59:19, Info: Creating Archive E:\ILive\Project\ChenSmart\ChenSmart\bin\Release\ChenSmart.cpz...
2017/4/28 20:59:19, Info: Saving project information...
2017/4/28 20:59:26, Info: Validating assembly E:\ILive\Project\ChenSmart\ChenSmart\bin\Release\ChenSmart.dll...
2017/4/28 20:59:27, Info: Verifying assembly E:\ILive\Project\ChenSmart\ChenSmart\bin\Release\ChenSmart.dll
2017/4/28 20:59:27, Info: Creating Archive E:\ILive\Project\ChenSmart\ChenSmart\bin\Release\ChenSmart.cpz...
2017/4/28 20:59:27, Info: Saving project information...
2017/4/28 20:59:55, Info: Terminating SIMPLSharp Services
