2017/4/29 12:19:26, Info: Initializing SIMPLSharp Services...
2017/4/29 12:19:26, Info: ProjectInfo successfully initialized.
2017/4/29 12:36:22, Info: Validating assembly D:\ILive\Project\QiaoTouChen\src\ChenSmart\ChenSmart\bin\Release\ChenSmart.dll...
2017/4/29 12:36:23, Info: Verifying assembly D:\ILive\Project\QiaoTouChen\src\ChenSmart\ChenSmart\bin\Release\ChenSmart.dll
2017/4/29 12:36:23, Info: Creating Archive D:\ILive\Project\QiaoTouChen\src\ChenSmart\ChenSmart\bin\Release\ChenSmart.cpz...
2017/4/29 12:36:24, Info: Saving project information...
2017/4/29 12:43:48, Info: Saving project information...
2017/4/29 12:43:48, Info: Saving project information...
2017/4/29 12:43:48, Info: Saving project information...
2017/4/29 12:46:37, Info: Saving project information...
2017/4/29 12:46:37, Info: Saving project information...
2017/4/29 12:46:37, Info: Saving project information...
2017/4/29 12:46:37, Info: Saving project information...
2017/4/29 12:46:37, Info: Saving project information...
2017/4/29 12:46:37, Info: Saving project information...
2017/4/29 12:46:40, Info: Validating assembly D:\ILive\Project\QiaoTouChen\src\ChenSmart\ChenSmart\bin\Release\ChenSmart.dll...
2017/4/29 12:46:41, Info: Verifying assembly D:\ILive\Project\QiaoTouChen\src\ChenSmart\ChenSmart\bin\Release\ChenSmart.dll
2017/4/29 12:46:41, Info: Creating Archive D:\ILive\Project\QiaoTouChen\src\ChenSmart\ChenSmart\bin\Release\ChenSmart.cpz...
2017/4/29 12:46:41, Info: Saving project information...
2017/4/29 12:51:50, Info: Validating assembly D:\ILive\Project\QiaoTouChen\src\ChenSmart\ChenSmart\bin\Release\ChenSmart.dll...
2017/4/29 12:51:51, Info: Verifying assembly D:\ILive\Project\QiaoTouChen\src\ChenSmart\ChenSmart\bin\Release\ChenSmart.dll
2017/4/29 12:51:51, Info: Creating Archive D:\ILive\Project\QiaoTouChen\src\ChenSmart\ChenSmart\bin\Release\ChenSmart.cpz...
2017/4/29 12:51:51, Info: Saving project information...
2017/4/29 13:02:38, Info: Validating assembly D:\ILive\Project\QiaoTouChen\src\ChenSmart\ChenSmart\bin\Release\ChenSmart.dll...
2017/4/29 13:02:38, Info: Verifying assembly D:\ILive\Project\QiaoTouChen\src\ChenSmart\ChenSmart\bin\Release\ChenSmart.dll
2017/4/29 13:02:38, Info: Creating Archive D:\ILive\Project\QiaoTouChen\src\ChenSmart\ChenSmart\bin\Release\ChenSmart.cpz...
2017/4/29 13:02:39, Info: Saving project information...
2017/4/29 13:04:14, Info: Validating assembly D:\ILive\Project\QiaoTouChen\src\ChenSmart\ChenSmart\bin\Release\ChenSmart.dll...
2017/4/29 13:04:15, Info: Verifying assembly D:\ILive\Project\QiaoTouChen\src\ChenSmart\ChenSmart\bin\Release\ChenSmart.dll
2017/4/29 13:04:15, Info: Creating Archive D:\ILive\Project\QiaoTouChen\src\ChenSmart\ChenSmart\bin\Release\ChenSmart.cpz...
2017/4/29 13:04:16, Info: Saving project information...
2017/4/29 14:31:12, Info: Validating assembly D:\ILive\Project\QiaoTouChen\src\ChenSmart\ChenSmart\bin\Release\ChenSmart.dll...
2017/4/29 14:31:12, Info: Verifying assembly D:\ILive\Project\QiaoTouChen\src\ChenSmart\ChenSmart\bin\Release\ChenSmart.dll
2017/4/29 14:31:12, Info: Creating Archive D:\ILive\Project\QiaoTouChen\src\ChenSmart\ChenSmart\bin\Release\ChenSmart.cpz...
2017/4/29 14:31:13, Info: Saving project information...
2017/4/29 14:36:46, Info: Validating assembly D:\ILive\Project\QiaoTouChen\src\ChenSmart\ChenSmart\bin\Release\ChenSmart.dll...
2017/4/29 14:36:46, Info: Verifying assembly D:\ILive\Project\QiaoTouChen\src\ChenSmart\ChenSmart\bin\Release\ChenSmart.dll
2017/4/29 14:36:47, Info: Creating Archive D:\ILive\Project\QiaoTouChen\src\ChenSmart\ChenSmart\bin\Release\ChenSmart.cpz...
2017/4/29 14:36:47, Info: Saving project information...
2017/4/29 14:45:40, Info: Validating assembly D:\ILive\Project\QiaoTouChen\src\ChenSmart\ChenSmart\bin\Release\ChenSmart.dll...
2017/4/29 14:45:41, Info: Verifying assembly D:\ILive\Project\QiaoTouChen\src\ChenSmart\ChenSmart\bin\Release\ChenSmart.dll
2017/4/29 14:45:41, Info: Creating Archive D:\ILive\Project\QiaoTouChen\src\ChenSmart\ChenSmart\bin\Release\ChenSmart.cpz...
2017/4/29 14:45:41, Info: Saving project information...
2017/4/29 15:06:45, Info: Validating assembly D:\ILive\Project\QiaoTouChen\src\ChenSmart\ChenSmart\bin\Release\ChenSmart.dll...
2017/4/29 15:06:46, Info: Verifying assembly D:\ILive\Project\QiaoTouChen\src\ChenSmart\ChenSmart\bin\Release\ChenSmart.dll
2017/4/29 15:06:46, Info: Creating Archive D:\ILive\Project\QiaoTouChen\src\ChenSmart\ChenSmart\bin\Release\ChenSmart.cpz...
2017/4/29 15:06:46, Info: Saving project information...
2017/4/29 15:10:33, Info: Validating assembly D:\ILive\Project\QiaoTouChen\src\ChenSmart\ChenSmart\bin\Release\ChenSmart.dll...
2017/4/29 15:10:34, Info: Verifying assembly D:\ILive\Project\QiaoTouChen\src\ChenSmart\ChenSmart\bin\Release\ChenSmart.dll
2017/4/29 15:10:34, Info: Creating Archive D:\ILive\Project\QiaoTouChen\src\ChenSmart\ChenSmart\bin\Release\ChenSmart.cpz...
2017/4/29 15:10:35, Info: Saving project information...
2017/4/29 15:28:52, Info: Validating assembly D:\ILive\Project\QiaoTouChen\src\ChenSmart\ChenSmart\bin\Release\ChenSmart.dll...
2017/4/29 15:28:52, Info: Verifying assembly D:\ILive\Project\QiaoTouChen\src\ChenSmart\ChenSmart\bin\Release\ChenSmart.dll
2017/4/29 15:28:52, Info: Creating Archive D:\ILive\Project\QiaoTouChen\src\ChenSmart\ChenSmart\bin\Release\ChenSmart.cpz...
2017/4/29 15:28:53, Info: Saving project information...
2017/4/29 15:33:41, Info: Validating assembly D:\ILive\Project\QiaoTouChen\src\ChenSmart\ChenSmart\bin\Release\ChenSmart.dll...
2017/4/29 15:33:42, Info: Verifying assembly D:\ILive\Project\QiaoTouChen\src\ChenSmart\ChenSmart\bin\Release\ChenSmart.dll
2017/4/29 15:33:43, Info: Creating Archive D:\ILive\Project\QiaoTouChen\src\ChenSmart\ChenSmart\bin\Release\ChenSmart.cpz...
2017/4/29 15:33:44, Info: Saving project information...
2017/4/29 15:46:57, Info: Validating assembly D:\ILive\Project\QiaoTouChen\src\ChenSmart\ChenSmart\bin\Release\ChenSmart.dll...
2017/4/29 15:46:57, Info: Verifying assembly D:\ILive\Project\QiaoTouChen\src\ChenSmart\ChenSmart\bin\Release\ChenSmart.dll
2017/4/29 15:46:57, Info: Creating Archive D:\ILive\Project\QiaoTouChen\src\ChenSmart\ChenSmart\bin\Release\ChenSmart.cpz...
2017/4/29 15:46:58, Info: Saving project information...
2017/4/29 16:07:11, Info: Validating assembly D:\ILive\Project\QiaoTouChen\src\ChenSmart\ChenSmart\bin\Release\ChenSmart.dll...
2017/4/29 16:07:12, Info: Verifying assembly D:\ILive\Project\QiaoTouChen\src\ChenSmart\ChenSmart\bin\Release\ChenSmart.dll
2017/4/29 16:07:12, Info: Creating Archive D:\ILive\Project\QiaoTouChen\src\ChenSmart\ChenSmart\bin\Release\ChenSmart.cpz...
2017/4/29 16:07:12, Info: Saving project information...
2017/4/29 16:12:01, Info: Validating assembly D:\ILive\Project\QiaoTouChen\src\ChenSmart\ChenSmart\bin\Release\ChenSmart.dll...
2017/4/29 16:12:01, Info: Verifying assembly D:\ILive\Project\QiaoTouChen\src\ChenSmart\ChenSmart\bin\Release\ChenSmart.dll
2017/4/29 16:12:01, Info: Creating Archive D:\ILive\Project\QiaoTouChen\src\ChenSmart\ChenSmart\bin\Release\ChenSmart.cpz...
2017/4/29 16:12:02, Info: Saving project information...
2017/4/29 16:27:54, Info: Validating assembly D:\ILive\Project\QiaoTouChen\src\ChenSmart\ChenSmart\bin\Release\ChenSmart.dll...
2017/4/29 16:27:54, Info: Verifying assembly D:\ILive\Project\QiaoTouChen\src\ChenSmart\ChenSmart\bin\Release\ChenSmart.dll
2017/4/29 16:27:54, Info: Creating Archive D:\ILive\Project\QiaoTouChen\src\ChenSmart\ChenSmart\bin\Release\ChenSmart.cpz...
2017/4/29 16:27:55, Info: Saving project information...
2017/4/29 16:31:40, Info: Validating assembly D:\ILive\Project\QiaoTouChen\src\ChenSmart\ChenSmart\bin\Release\ChenSmart.dll...
2017/4/29 16:31:40, Info: Verifying assembly D:\ILive\Project\QiaoTouChen\src\ChenSmart\ChenSmart\bin\Release\ChenSmart.dll
2017/4/29 16:31:40, Info: Creating Archive D:\ILive\Project\QiaoTouChen\src\ChenSmart\ChenSmart\bin\Release\ChenSmart.cpz...
2017/4/29 16:31:41, Info: Saving project information...
2017/4/29 16:42:55, Info: Validating assembly D:\ILive\Project\QiaoTouChen\src\ChenSmart\ChenSmart\bin\Release\ChenSmart.dll...
2017/4/29 16:42:56, Info: Verifying assembly D:\ILive\Project\QiaoTouChen\src\ChenSmart\ChenSmart\bin\Release\ChenSmart.dll
2017/4/29 16:42:56, Info: Creating Archive D:\ILive\Project\QiaoTouChen\src\ChenSmart\ChenSmart\bin\Release\ChenSmart.cpz...
2017/4/29 16:42:56, Info: Saving project information...
2017/4/29 16:46:47, Info: Validating assembly D:\ILive\Project\QiaoTouChen\src\ChenSmart\ChenSmart\bin\Release\ChenSmart.dll...
2017/4/29 16:46:47, Info: Verifying assembly D:\ILive\Project\QiaoTouChen\src\ChenSmart\ChenSmart\bin\Release\ChenSmart.dll
2017/4/29 16:46:47, Info: Creating Archive D:\ILive\Project\QiaoTouChen\src\ChenSmart\ChenSmart\bin\Release\ChenSmart.cpz...
2017/4/29 16:46:48, Info: Saving project information...
2017/4/29 17:05:27, Info: Validating assembly D:\ILive\Project\QiaoTouChen\src\ChenSmart\ChenSmart\bin\Release\ChenSmart.dll...
2017/4/29 17:05:27, Info: Verifying assembly D:\ILive\Project\QiaoTouChen\src\ChenSmart\ChenSmart\bin\Release\ChenSmart.dll
2017/4/29 17:05:27, Info: Creating Archive D:\ILive\Project\QiaoTouChen\src\ChenSmart\ChenSmart\bin\Release\ChenSmart.cpz...
2017/4/29 17:05:28, Info: Saving project information...
2017/4/29 17:06:19, Info: Validating assembly D:\ILive\Project\QiaoTouChen\src\ChenSmart\ChenSmart\bin\Release\ChenSmart.dll...
2017/4/29 17:06:19, Info: Verifying assembly D:\ILive\Project\QiaoTouChen\src\ChenSmart\ChenSmart\bin\Release\ChenSmart.dll
2017/4/29 17:06:19, Info: Creating Archive D:\ILive\Project\QiaoTouChen\src\ChenSmart\ChenSmart\bin\Release\ChenSmart.cpz...
2017/4/29 17:06:20, Info: Saving project information...
2017/4/29 17:07:23, Info: Validating assembly D:\ILive\Project\QiaoTouChen\src\ChenSmart\ChenSmart\bin\Release\ChenSmart.dll...
2017/4/29 17:07:26, Info: Verifying assembly D:\ILive\Project\QiaoTouChen\src\ChenSmart\ChenSmart\bin\Release\ChenSmart.dll
2017/4/29 17:07:27, Info: Creating Archive D:\ILive\Project\QiaoTouChen\src\ChenSmart\ChenSmart\bin\Release\ChenSmart.cpz...
2017/4/29 17:07:28, Info: Saving project information...
2017/4/29 17:13:00, Info: Validating assembly D:\ILive\Project\QiaoTouChen\src\ChenSmart\ChenSmart\bin\Release\ChenSmart.dll...
2017/4/29 17:13:00, Info: Verifying assembly D:\ILive\Project\QiaoTouChen\src\ChenSmart\ChenSmart\bin\Release\ChenSmart.dll
2017/4/29 17:13:00, Info: Creating Archive D:\ILive\Project\QiaoTouChen\src\ChenSmart\ChenSmart\bin\Release\ChenSmart.cpz...
2017/4/29 17:13:01, Info: Saving project information...
2017/4/29 17:18:27, Info: Validating assembly D:\ILive\Project\QiaoTouChen\src\ChenSmart\ChenSmart\bin\Release\ChenSmart.dll...
2017/4/29 17:18:28, Info: Verifying assembly D:\ILive\Project\QiaoTouChen\src\ChenSmart\ChenSmart\bin\Release\ChenSmart.dll
2017/4/29 17:18:28, Info: Creating Archive D:\ILive\Project\QiaoTouChen\src\ChenSmart\ChenSmart\bin\Release\ChenSmart.cpz...
2017/4/29 17:18:29, Info: Saving project information...
2017/4/29 17:20:38, Info: Validating assembly D:\ILive\Project\QiaoTouChen\src\ChenSmart\ChenSmart\bin\Release\ChenSmart.dll...
2017/4/29 17:20:38, Info: Verifying assembly D:\ILive\Project\QiaoTouChen\src\ChenSmart\ChenSmart\bin\Release\ChenSmart.dll
2017/4/29 17:20:39, Info: Creating Archive D:\ILive\Project\QiaoTouChen\src\ChenSmart\ChenSmart\bin\Release\ChenSmart.cpz...
2017/4/29 17:20:40, Info: Saving project information...
2017/4/29 17:26:10, Info: Validating assembly D:\ILive\Project\QiaoTouChen\src\ChenSmart\ChenSmart\bin\Release\ChenSmart.dll...
2017/4/29 17:26:10, Info: Verifying assembly D:\ILive\Project\QiaoTouChen\src\ChenSmart\ChenSmart\bin\Release\ChenSmart.dll
2017/4/29 17:26:10, Info: Creating Archive D:\ILive\Project\QiaoTouChen\src\ChenSmart\ChenSmart\bin\Release\ChenSmart.cpz...
2017/4/29 17:26:11, Info: Saving project information...
2017/4/29 17:31:29, Info: Validating assembly D:\ILive\Project\QiaoTouChen\src\ChenSmart\ChenSmart\bin\Release\ChenSmart.dll...
2017/4/29 17:31:30, Info: Verifying assembly D:\ILive\Project\QiaoTouChen\src\ChenSmart\ChenSmart\bin\Release\ChenSmart.dll
2017/4/29 17:31:30, Info: Creating Archive D:\ILive\Project\QiaoTouChen\src\ChenSmart\ChenSmart\bin\Release\ChenSmart.cpz...
2017/4/29 17:31:30, Info: Saving project information...
2017/4/29 17:38:49, Info: Validating assembly D:\ILive\Project\QiaoTouChen\src\ChenSmart\ChenSmart\bin\Release\ChenSmart.dll...
2017/4/29 17:38:49, Info: Verifying assembly D:\ILive\Project\QiaoTouChen\src\ChenSmart\ChenSmart\bin\Release\ChenSmart.dll
2017/4/29 17:38:49, Info: Creating Archive D:\ILive\Project\QiaoTouChen\src\ChenSmart\ChenSmart\bin\Release\ChenSmart.cpz...
2017/4/29 17:38:50, Info: Saving project information...
2017/4/29 17:41:34, Info: Validating assembly D:\ILive\Project\QiaoTouChen\src\ChenSmart\ChenSmart\bin\Release\ChenSmart.dll...
2017/4/29 17:41:35, Info: Verifying assembly D:\ILive\Project\QiaoTouChen\src\ChenSmart\ChenSmart\bin\Release\ChenSmart.dll
2017/4/29 17:41:35, Info: Creating Archive D:\ILive\Project\QiaoTouChen\src\ChenSmart\ChenSmart\bin\Release\ChenSmart.cpz...
2017/4/29 17:41:36, Info: Saving project information...
2017/4/29 18:01:41, Info: Validating assembly D:\ILive\Project\QiaoTouChen\src\ChenSmart\ChenSmart\bin\Release\ChenSmart.dll...
2017/4/29 18:01:41, Info: Verifying assembly D:\ILive\Project\QiaoTouChen\src\ChenSmart\ChenSmart\bin\Release\ChenSmart.dll
2017/4/29 18:01:41, Info: Creating Archive D:\ILive\Project\QiaoTouChen\src\ChenSmart\ChenSmart\bin\Release\ChenSmart.cpz...
2017/4/29 18:01:42, Info: Saving project information...
2017/4/29 18:09:41, Info: Validating assembly D:\ILive\Project\QiaoTouChen\src\ChenSmart\ChenSmart\bin\Release\ChenSmart.dll...
2017/4/29 18:09:41, Info: Verifying assembly D:\ILive\Project\QiaoTouChen\src\ChenSmart\ChenSmart\bin\Release\ChenSmart.dll
2017/4/29 18:09:41, Info: Creating Archive D:\ILive\Project\QiaoTouChen\src\ChenSmart\ChenSmart\bin\Release\ChenSmart.cpz...
2017/4/29 18:09:42, Info: Saving project information...
2017/4/29 18:12:07, Info: Validating assembly D:\ILive\Project\QiaoTouChen\src\ChenSmart\ChenSmart\bin\Release\ChenSmart.dll...
2017/4/29 18:12:08, Info: Verifying assembly D:\ILive\Project\QiaoTouChen\src\ChenSmart\ChenSmart\bin\Release\ChenSmart.dll
2017/4/29 18:12:08, Info: Creating Archive D:\ILive\Project\QiaoTouChen\src\ChenSmart\ChenSmart\bin\Release\ChenSmart.cpz...
2017/4/29 18:12:08, Info: Saving project information...
2017/5/2 10:54:27, Info: Terminating SIMPLSharp Services
