2017/4/24 15:21:54, Info: Initializing SIMPLSharp Services...
2017/4/24 15:21:54, Info: ProjectInfo successfully initialized.
2017/4/24 15:22:19, Info: Validating assembly D:\ILive\Project\QiaoTouChen\src\ChenSmart\ChenSmart\bin\Release\ChenSmart.dll...
2017/4/24 15:22:20, Info: Verifying assembly D:\ILive\Project\QiaoTouChen\src\ChenSmart\ChenSmart\bin\Release\ChenSmart.dll
2017/4/24 15:22:20, Info: Creating Archive D:\ILive\Project\QiaoTouChen\src\ChenSmart\ChenSmart\bin\Release\ChenSmart.cpz...
2017/4/24 15:22:21, Info: Saving project information...
2017/4/24 15:23:16, Info: Validating assembly D:\ILive\Project\QiaoTouChen\src\ChenSmart\ChenSmart\bin\Release\ChenSmart.dll...
2017/4/24 15:23:16, Info: Verifying assembly D:\ILive\Project\QiaoTouChen\src\ChenSmart\ChenSmart\bin\Release\ChenSmart.dll
2017/4/24 15:23:16, Info: Creating Archive D:\ILive\Project\QiaoTouChen\src\ChenSmart\ChenSmart\bin\Release\ChenSmart.cpz...
2017/4/24 15:23:17, Info: Saving project information...
2017/4/24 15:30:35, Info: Validating assembly D:\ILive\Project\QiaoTouChen\src\ChenSmart\ChenSmart\bin\Release\ChenSmart.dll...
2017/4/24 15:30:36, Info: Verifying assembly D:\ILive\Project\QiaoTouChen\src\ChenSmart\ChenSmart\bin\Release\ChenSmart.dll
2017/4/24 15:30:36, Info: Creating Archive D:\ILive\Project\QiaoTouChen\src\ChenSmart\ChenSmart\bin\Release\ChenSmart.cpz...
2017/4/24 15:30:36, Info: Saving project information...
2017/4/24 15:32:01, Info: Validating assembly D:\ILive\Project\QiaoTouChen\src\ChenSmart\ChenSmart\bin\Release\ChenSmart.dll...
2017/4/24 15:32:02, Info: Verifying assembly D:\ILive\Project\QiaoTouChen\src\ChenSmart\ChenSmart\bin\Release\ChenSmart.dll
2017/4/24 15:32:02, Info: Creating Archive D:\ILive\Project\QiaoTouChen\src\ChenSmart\ChenSmart\bin\Release\ChenSmart.cpz...
2017/4/24 15:32:03, Info: Saving project information...
2017/4/24 15:32:21, Info: Validating assembly D:\ILive\Project\QiaoTouChen\src\ChenSmart\ChenSmart\bin\Release\ChenSmart.dll...
2017/4/24 15:32:21, Info: Verifying assembly D:\ILive\Project\QiaoTouChen\src\ChenSmart\ChenSmart\bin\Release\ChenSmart.dll
2017/4/24 15:32:21, Info: Creating Archive D:\ILive\Project\QiaoTouChen\src\ChenSmart\ChenSmart\bin\Release\ChenSmart.cpz...
2017/4/24 15:32:22, Info: Saving project information...
2017/4/24 15:32:30, Info: Validating assembly D:\ILive\Project\QiaoTouChen\src\ChenSmart\ChenSmart\bin\Release\ChenSmart.dll...
2017/4/24 15:32:30, Info: Verifying assembly D:\ILive\Project\QiaoTouChen\src\ChenSmart\ChenSmart\bin\Release\ChenSmart.dll
2017/4/24 15:32:30, Info: Creating Archive D:\ILive\Project\QiaoTouChen\src\ChenSmart\ChenSmart\bin\Release\ChenSmart.cpz...
2017/4/24 15:32:31, Info: Saving project information...
2017/4/24 15:35:21, Info: Validating assembly D:\ILive\Project\QiaoTouChen\src\ChenSmart\ChenSmart\bin\Release\ChenSmart.dll...
2017/4/24 15:35:22, Info: Verifying assembly D:\ILive\Project\QiaoTouChen\src\ChenSmart\ChenSmart\bin\Release\ChenSmart.dll
2017/4/24 15:35:22, Info: Creating Archive D:\ILive\Project\QiaoTouChen\src\ChenSmart\ChenSmart\bin\Release\ChenSmart.cpz...
2017/4/24 15:35:22, Info: Saving project information...
2017/4/24 15:39:31, Info: Validating assembly D:\ILive\Project\QiaoTouChen\src\ChenSmart\ChenSmart\bin\Release\ChenSmart.dll...
2017/4/24 15:39:31, Info: Verifying assembly D:\ILive\Project\QiaoTouChen\src\ChenSmart\ChenSmart\bin\Release\ChenSmart.dll
2017/4/24 15:39:31, Info: Creating Archive D:\ILive\Project\QiaoTouChen\src\ChenSmart\ChenSmart\bin\Release\ChenSmart.cpz...
2017/4/24 15:39:32, Info: Saving project information...
2017/4/24 16:50:40, Info: Validating assembly D:\ILive\Project\QiaoTouChen\src\ChenSmart\ChenSmart\bin\Release\ChenSmart.dll...
2017/4/24 16:50:41, Info: Verifying assembly D:\ILive\Project\QiaoTouChen\src\ChenSmart\ChenSmart\bin\Release\ChenSmart.dll
2017/4/24 16:50:41, Info: Creating Archive D:\ILive\Project\QiaoTouChen\src\ChenSmart\ChenSmart\bin\Release\ChenSmart.cpz...
2017/4/24 16:50:41, Info: Saving project information...
2017/4/24 16:50:52, Info: Validating assembly D:\ILive\Project\QiaoTouChen\src\ChenSmart\ChenSmart\bin\Release\ChenSmart.dll...
2017/4/24 16:50:52, Info: Verifying assembly D:\ILive\Project\QiaoTouChen\src\ChenSmart\ChenSmart\bin\Release\ChenSmart.dll
2017/4/24 16:50:52, Info: Creating Archive D:\ILive\Project\QiaoTouChen\src\ChenSmart\ChenSmart\bin\Release\ChenSmart.cpz...
2017/4/24 16:50:53, Info: Saving project information...
2017/4/24 16:55:41, Info: Validating assembly D:\ILive\Project\QiaoTouChen\src\ChenSmart\ChenSmart\bin\Release\ChenSmart.dll...
2017/4/24 16:55:41, Info: Verifying assembly D:\ILive\Project\QiaoTouChen\src\ChenSmart\ChenSmart\bin\Release\ChenSmart.dll
2017/4/24 16:55:41, Info: Creating Archive D:\ILive\Project\QiaoTouChen\src\ChenSmart\ChenSmart\bin\Release\ChenSmart.cpz...
2017/4/24 16:55:42, Info: Saving project information...
2017/4/24 17:27:49, Info: Terminating SIMPLSharp Services
