2017/5/12 10:46:33, Info: Initializing SIMPLSharp Services...
2017/5/12 10:46:33, Info: ProjectInfo successfully initialized.
2017/5/12 10:47:12, Info: Validating assembly F:\iLiveitem\Smart\ChenSmart\ChenSmart\bin\Release\ChenSmart.dll...
2017/5/12 10:47:13, Info: Verifying assembly F:\iLiveitem\Smart\ChenSmart\ChenSmart\bin\Release\ChenSmart.dll
2017/5/12 10:47:13, Info: Creating Archive F:\iLiveitem\Smart\ChenSmart\ChenSmart\bin\Release\ChenSmart.cpz...
2017/5/12 10:47:14, Info: Saving project information...
2017/5/12 10:52:48, Info: Validating assembly F:\iLiveitem\Smart\ChenSmart\ChenSmart\bin\Release\ChenSmart.dll...
2017/5/12 10:52:49, Info: Verifying assembly F:\iLiveitem\Smart\ChenSmart\ChenSmart\bin\Release\ChenSmart.dll
2017/5/12 10:52:49, Info: Creating Archive F:\iLiveitem\Smart\ChenSmart\ChenSmart\bin\Release\ChenSmart.cpz...
2017/5/12 10:52:49, Info: Saving project information...
2017/5/12 11:28:33, Info: Validating assembly F:\iLiveitem\Smart\ChenSmart\ChenSmart\bin\Release\ChenSmart.dll...
2017/5/12 11:28:34, Info: Verifying assembly F:\iLiveitem\Smart\ChenSmart\ChenSmart\bin\Release\ChenSmart.dll
2017/5/12 11:28:34, Info: Creating Archive F:\iLiveitem\Smart\ChenSmart\ChenSmart\bin\Release\ChenSmart.cpz...
2017/5/12 11:28:34, Info: Saving project information...
2017/5/12 16:56:36, Info: Validating assembly F:\iLiveitem\Smart\ChenSmart\ChenSmart\bin\Release\ChenSmart.dll...
2017/5/12 16:56:36, Info: Verifying assembly F:\iLiveitem\Smart\ChenSmart\ChenSmart\bin\Release\ChenSmart.dll
2017/5/12 16:56:36, Info: Creating Archive F:\iLiveitem\Smart\ChenSmart\ChenSmart\bin\Release\ChenSmart.cpz...
2017/5/12 16:56:37, Info: Saving project information...
2017/5/12 16:56:46, Info: Validating assembly F:\iLiveitem\Smart\ChenSmart\ChenSmart\bin\Release\ChenSmart.dll...
2017/5/12 16:56:47, Info: Verifying assembly F:\iLiveitem\Smart\ChenSmart\ChenSmart\bin\Release\ChenSmart.dll
2017/5/12 16:56:47, Info: Creating Archive F:\iLiveitem\Smart\ChenSmart\ChenSmart\bin\Release\ChenSmart.cpz...
2017/5/12 16:56:47, Info: Saving project information...
2017/5/12 17:01:48, Info: Terminating SIMPLSharp Services
