2017/7/13 14:32:52, Info: Initializing SIMPLSharp Services...
2017/7/13 14:32:52, Info: ProjectInfo successfully initialized.
2017/7/13 14:38:03, Info: Validating assembly D:\ILive\Project\K097QiaoTouChen\src\ChenSmart\ChenSmart\bin\Release\ChenSmart.dll...
2017/7/13 14:38:03, Info: Verifying assembly D:\ILive\Project\K097QiaoTouChen\src\ChenSmart\ChenSmart\bin\Release\ChenSmart.dll
2017/7/13 14:38:04, Info: Creating Archive D:\ILive\Project\K097QiaoTouChen\src\ChenSmart\ChenSmart\bin\Release\ChenSmart.cpz...
2017/7/13 14:38:04, Info: Saving project information...
2017/7/13 14:47:40, Info: Validating assembly D:\ILive\Project\K097QiaoTouChen\src\ChenSmart\ChenSmart\bin\Release\ChenSmart.dll...
2017/7/13 14:47:40, Info: Verifying assembly D:\ILive\Project\K097QiaoTouChen\src\ChenSmart\ChenSmart\bin\Release\ChenSmart.dll
2017/7/13 14:47:40, Info: Creating Archive D:\ILive\Project\K097QiaoTouChen\src\ChenSmart\ChenSmart\bin\Release\ChenSmart.cpz...
2017/7/13 14:47:41, Info: Saving project information...
2017/7/13 14:49:30, Info: Validating assembly D:\ILive\Project\K097QiaoTouChen\src\ChenSmart\ChenSmart\bin\Release\ChenSmart.dll...
2017/7/13 14:49:31, Info: Verifying assembly D:\ILive\Project\K097QiaoTouChen\src\ChenSmart\ChenSmart\bin\Release\ChenSmart.dll
2017/7/13 14:49:31, Info: Creating Archive D:\ILive\Project\K097QiaoTouChen\src\ChenSmart\ChenSmart\bin\Release\ChenSmart.cpz...
2017/7/13 14:49:32, Info: Saving project information...
2017/7/13 14:50:01, Info: Validating assembly D:\ILive\Project\K097QiaoTouChen\src\ChenSmart\ChenSmart\bin\Release\ChenSmart.dll...
2017/7/13 14:50:02, Info: Verifying assembly D:\ILive\Project\K097QiaoTouChen\src\ChenSmart\ChenSmart\bin\Release\ChenSmart.dll
2017/7/13 14:50:02, Info: Creating Archive D:\ILive\Project\K097QiaoTouChen\src\ChenSmart\ChenSmart\bin\Release\ChenSmart.cpz...
2017/7/13 14:50:03, Info: Saving project information...
2017/7/13 15:11:27, Info: Validating assembly D:\ILive\Project\K097QiaoTouChen\src\ChenSmart\ChenSmart\bin\Release\ChenSmart.dll...
2017/7/13 15:11:28, Info: Verifying assembly D:\ILive\Project\K097QiaoTouChen\src\ChenSmart\ChenSmart\bin\Release\ChenSmart.dll
2017/7/13 15:11:28, Info: Creating Archive D:\ILive\Project\K097QiaoTouChen\src\ChenSmart\ChenSmart\bin\Release\ChenSmart.cpz...
2017/7/13 15:11:29, Info: Saving project information...
2017/7/13 15:36:39, Info: Validating assembly D:\ILive\Project\K097QiaoTouChen\src\ChenSmart\ChenSmart\bin\Release\ChenSmart.dll...
2017/7/13 15:36:40, Info: Verifying assembly D:\ILive\Project\K097QiaoTouChen\src\ChenSmart\ChenSmart\bin\Release\ChenSmart.dll
2017/7/13 15:36:40, Info: Creating Archive D:\ILive\Project\K097QiaoTouChen\src\ChenSmart\ChenSmart\bin\Release\ChenSmart.cpz...
2017/7/13 15:36:44, Info: Saving project information...
2017/7/13 15:37:09, Info: Validating assembly D:\ILive\Project\K097QiaoTouChen\src\ChenSmart\ChenSmart\bin\Release\ChenSmart.dll...
2017/7/13 15:37:09, Info: Verifying assembly D:\ILive\Project\K097QiaoTouChen\src\ChenSmart\ChenSmart\bin\Release\ChenSmart.dll
2017/7/13 15:37:10, Info: Creating Archive D:\ILive\Project\K097QiaoTouChen\src\ChenSmart\ChenSmart\bin\Release\ChenSmart.cpz...
2017/7/13 15:37:11, Info: Saving project information...
2017/7/13 15:37:25, Info: Validating assembly D:\ILive\Project\K097QiaoTouChen\src\ChenSmart\ChenSmart\bin\Release\ChenSmart.dll...
2017/7/13 15:37:25, Info: Verifying assembly D:\ILive\Project\K097QiaoTouChen\src\ChenSmart\ChenSmart\bin\Release\ChenSmart.dll
2017/7/13 15:37:25, Info: Creating Archive D:\ILive\Project\K097QiaoTouChen\src\ChenSmart\ChenSmart\bin\Release\ChenSmart.cpz...
2017/7/13 15:37:27, Info: Saving project information...
2017/7/13 15:37:36, Info: Validating assembly D:\ILive\Project\K097QiaoTouChen\src\ChenSmart\ChenSmart\bin\Release\ChenSmart.dll...
2017/7/13 15:37:37, Info: Verifying assembly D:\ILive\Project\K097QiaoTouChen\src\ChenSmart\ChenSmart\bin\Release\ChenSmart.dll
2017/7/13 15:37:37, Info: Creating Archive D:\ILive\Project\K097QiaoTouChen\src\ChenSmart\ChenSmart\bin\Release\ChenSmart.cpz...
2017/7/13 15:37:38, Info: Saving project information...
2017/7/13 15:42:35, Info: Validating assembly D:\ILive\Project\K097QiaoTouChen\src\ChenSmart\ChenSmart\bin\Release\ChenSmart.dll...
2017/7/13 15:42:36, Info: Verifying assembly D:\ILive\Project\K097QiaoTouChen\src\ChenSmart\ChenSmart\bin\Release\ChenSmart.dll
2017/7/13 15:42:36, Info: Creating Archive D:\ILive\Project\K097QiaoTouChen\src\ChenSmart\ChenSmart\bin\Release\ChenSmart.cpz...
2017/7/13 15:42:37, Info: Saving project information...
2017/7/13 15:43:09, Info: Validating assembly D:\ILive\Project\K097QiaoTouChen\src\ChenSmart\ChenSmart\bin\Release\ChenSmart.dll...
2017/7/13 15:43:10, Info: Verifying assembly D:\ILive\Project\K097QiaoTouChen\src\ChenSmart\ChenSmart\bin\Release\ChenSmart.dll
2017/7/13 15:43:10, Info: Creating Archive D:\ILive\Project\K097QiaoTouChen\src\ChenSmart\ChenSmart\bin\Release\ChenSmart.cpz...
2017/7/13 15:43:11, Info: Saving project information...
2017/7/13 15:48:31, Info: Validating assembly D:\ILive\Project\K097QiaoTouChen\src\ChenSmart\ChenSmart\bin\Release\ChenSmart.dll...
2017/7/13 15:48:32, Info: Verifying assembly D:\ILive\Project\K097QiaoTouChen\src\ChenSmart\ChenSmart\bin\Release\ChenSmart.dll
2017/7/13 15:48:32, Info: Creating Archive D:\ILive\Project\K097QiaoTouChen\src\ChenSmart\ChenSmart\bin\Release\ChenSmart.cpz...
2017/7/13 15:48:34, Info: Saving project information...
2017/7/13 15:49:25, Info: Validating assembly D:\ILive\Project\K097QiaoTouChen\src\ChenSmart\ChenSmart\bin\Release\ChenSmart.dll...
2017/7/13 15:49:26, Info: Verifying assembly D:\ILive\Project\K097QiaoTouChen\src\ChenSmart\ChenSmart\bin\Release\ChenSmart.dll
2017/7/13 15:49:26, Info: Creating Archive D:\ILive\Project\K097QiaoTouChen\src\ChenSmart\ChenSmart\bin\Release\ChenSmart.cpz...
2017/7/13 15:49:27, Info: Saving project information...
2017/7/13 15:55:09, Info: Validating assembly D:\ILive\Project\K097QiaoTouChen\src\ChenSmart\ChenSmart\bin\Release\ChenSmart.dll...
2017/7/13 15:55:09, Info: Verifying assembly D:\ILive\Project\K097QiaoTouChen\src\ChenSmart\ChenSmart\bin\Release\ChenSmart.dll
2017/7/13 15:55:09, Info: Creating Archive D:\ILive\Project\K097QiaoTouChen\src\ChenSmart\ChenSmart\bin\Release\ChenSmart.cpz...
2017/7/13 15:55:11, Info: Saving project information...
2017/7/13 15:55:25, Info: Validating assembly D:\ILive\Project\K097QiaoTouChen\src\ChenSmart\ChenSmart\bin\Release\ChenSmart.dll...
2017/7/13 15:55:25, Info: Verifying assembly D:\ILive\Project\K097QiaoTouChen\src\ChenSmart\ChenSmart\bin\Release\ChenSmart.dll
2017/7/13 15:55:26, Info: Creating Archive D:\ILive\Project\K097QiaoTouChen\src\ChenSmart\ChenSmart\bin\Release\ChenSmart.cpz...
2017/7/13 15:55:27, Info: Saving project information...
2017/7/13 15:56:33, Info: Validating assembly D:\ILive\Project\K097QiaoTouChen\src\ChenSmart\ChenSmart\bin\Release\ChenSmart.dll...
2017/7/13 15:56:34, Info: Verifying assembly D:\ILive\Project\K097QiaoTouChen\src\ChenSmart\ChenSmart\bin\Release\ChenSmart.dll
2017/7/13 15:56:34, Info: Creating Archive D:\ILive\Project\K097QiaoTouChen\src\ChenSmart\ChenSmart\bin\Release\ChenSmart.cpz...
2017/7/13 15:56:35, Info: Saving project information...
2017/7/13 16:24:17, Info: Validating assembly D:\ILive\Project\K097QiaoTouChen\src\ChenSmart\ChenSmart\bin\Release\ChenSmart.dll...
2017/7/13 16:24:18, Info: Verifying assembly D:\ILive\Project\K097QiaoTouChen\src\ChenSmart\ChenSmart\bin\Release\ChenSmart.dll
2017/7/13 16:24:18, Info: Creating Archive D:\ILive\Project\K097QiaoTouChen\src\ChenSmart\ChenSmart\bin\Release\ChenSmart.cpz...
2017/7/13 16:24:19, Info: Saving project information...
2017/7/13 16:24:52, Info: Validating assembly D:\ILive\Project\K097QiaoTouChen\src\ChenSmart\ChenSmart\bin\Release\ChenSmart.dll...
2017/7/13 16:24:53, Info: Verifying assembly D:\ILive\Project\K097QiaoTouChen\src\ChenSmart\ChenSmart\bin\Release\ChenSmart.dll
2017/7/13 16:24:53, Info: Creating Archive D:\ILive\Project\K097QiaoTouChen\src\ChenSmart\ChenSmart\bin\Release\ChenSmart.cpz...
2017/7/13 16:24:54, Info: Saving project information...
2017/7/13 16:28:42, Info: Validating assembly D:\ILive\Project\K097QiaoTouChen\src\ChenSmart\ChenSmart\bin\Release\ChenSmart.dll...
2017/7/13 16:28:42, Info: Verifying assembly D:\ILive\Project\K097QiaoTouChen\src\ChenSmart\ChenSmart\bin\Release\ChenSmart.dll
2017/7/13 16:28:42, Info: Creating Archive D:\ILive\Project\K097QiaoTouChen\src\ChenSmart\ChenSmart\bin\Release\ChenSmart.cpz...
2017/7/13 16:28:43, Info: Saving project information...
2017/7/13 19:39:34, Info: Terminating SIMPLSharp Services
