2017/5/13 13:05:58, Info: Initializing SIMPLSharp Services...
2017/5/13 13:05:58, Info: ProjectInfo successfully initialized.
2017/5/13 13:14:43, Info: Validating assembly F:\iLiveitem\Smart\ChenSmart\ChenSmart\bin\Release\ChenSmart.dll...
2017/5/13 13:14:44, Info: Verifying assembly F:\iLiveitem\Smart\ChenSmart\ChenSmart\bin\Release\ChenSmart.dll
2017/5/13 13:14:44, Info: Creating Archive F:\iLiveitem\Smart\ChenSmart\ChenSmart\bin\Release\ChenSmart.cpz...
2017/5/13 13:14:45, Info: Saving project information...
2017/5/13 13:25:21, Info: Validating assembly F:\iLiveitem\Smart\ChenSmart\ChenSmart\bin\Release\ChenSmart.dll...
2017/5/13 13:25:21, Info: Verifying assembly F:\iLiveitem\Smart\ChenSmart\ChenSmart\bin\Release\ChenSmart.dll
2017/5/13 13:25:21, Info: Creating Archive F:\iLiveitem\Smart\ChenSmart\ChenSmart\bin\Release\ChenSmart.cpz...
2017/5/13 13:25:22, Info: Saving project information...
2017/5/13 14:06:02, Info: Validating assembly F:\iLiveitem\Smart\ChenSmart\ChenSmart\bin\Release\ChenSmart.dll...
2017/5/13 14:06:02, Info: Verifying assembly F:\iLiveitem\Smart\ChenSmart\ChenSmart\bin\Release\ChenSmart.dll
2017/5/13 14:06:02, Info: Creating Archive F:\iLiveitem\Smart\ChenSmart\ChenSmart\bin\Release\ChenSmart.cpz...
2017/5/13 14:06:03, Info: Saving project information...
2017/5/13 14:16:58, Info: Validating assembly F:\iLiveitem\Smart\ChenSmart\ChenSmart\bin\Release\ChenSmart.dll...
2017/5/13 14:16:58, Info: Verifying assembly F:\iLiveitem\Smart\ChenSmart\ChenSmart\bin\Release\ChenSmart.dll
2017/5/13 14:16:58, Info: Creating Archive F:\iLiveitem\Smart\ChenSmart\ChenSmart\bin\Release\ChenSmart.cpz...
2017/5/13 14:16:59, Info: Saving project information...
2017/5/13 14:38:53, Info: Validating assembly F:\iLiveitem\Smart\ChenSmart\ChenSmart\bin\Release\ChenSmart.dll...
2017/5/13 14:38:54, Info: Verifying assembly F:\iLiveitem\Smart\ChenSmart\ChenSmart\bin\Release\ChenSmart.dll
2017/5/13 14:38:54, Info: Creating Archive F:\iLiveitem\Smart\ChenSmart\ChenSmart\bin\Release\ChenSmart.cpz...
2017/5/13 14:38:54, Info: Saving project information...
2017/5/13 14:49:43, Info: Validating assembly F:\iLiveitem\Smart\ChenSmart\ChenSmart\bin\Release\ChenSmart.dll...
2017/5/13 14:49:43, Info: Verifying assembly F:\iLiveitem\Smart\ChenSmart\ChenSmart\bin\Release\ChenSmart.dll
2017/5/13 14:49:43, Info: Creating Archive F:\iLiveitem\Smart\ChenSmart\ChenSmart\bin\Release\ChenSmart.cpz...
2017/5/13 14:49:44, Info: Saving project information...
2017/5/13 15:15:51, Info: Validating assembly F:\iLiveitem\Smart\ChenSmart\ChenSmart\bin\Release\ChenSmart.dll...
2017/5/13 15:15:51, Info: Verifying assembly F:\iLiveitem\Smart\ChenSmart\ChenSmart\bin\Release\ChenSmart.dll
2017/5/13 15:15:52, Info: Creating Archive F:\iLiveitem\Smart\ChenSmart\ChenSmart\bin\Release\ChenSmart.cpz...
2017/5/13 15:15:52, Info: Saving project information...
2017/5/13 15:29:14, Info: Validating assembly F:\iLiveitem\Smart\ChenSmart\ChenSmart\bin\Release\ChenSmart.dll...
2017/5/13 15:29:14, Info: Verifying assembly F:\iLiveitem\Smart\ChenSmart\ChenSmart\bin\Release\ChenSmart.dll
2017/5/13 15:29:14, Info: Creating Archive F:\iLiveitem\Smart\ChenSmart\ChenSmart\bin\Release\ChenSmart.cpz...
2017/5/13 15:29:15, Info: Saving project information...
2017/5/13 15:35:45, Info: Validating assembly F:\iLiveitem\Smart\ChenSmart\ChenSmart\bin\Release\ChenSmart.dll...
2017/5/13 15:35:46, Info: Verifying assembly F:\iLiveitem\Smart\ChenSmart\ChenSmart\bin\Release\ChenSmart.dll
2017/5/13 15:35:46, Info: Creating Archive F:\iLiveitem\Smart\ChenSmart\ChenSmart\bin\Release\ChenSmart.cpz...
2017/5/13 15:35:46, Info: Saving project information...
2017/5/13 15:58:35, Info: Validating assembly F:\iLiveitem\Smart\ChenSmart\ChenSmart\bin\Release\ChenSmart.dll...
2017/5/13 15:58:36, Info: Verifying assembly F:\iLiveitem\Smart\ChenSmart\ChenSmart\bin\Release\ChenSmart.dll
2017/5/13 15:58:36, Info: Creating Archive F:\iLiveitem\Smart\ChenSmart\ChenSmart\bin\Release\ChenSmart.cpz...
2017/5/13 15:58:36, Info: Saving project information...
2017/5/13 16:19:47, Info: Validating assembly F:\iLiveitem\Smart\ChenSmart\ChenSmart\bin\Release\ChenSmart.dll...
2017/5/13 16:19:47, Info: Verifying assembly F:\iLiveitem\Smart\ChenSmart\ChenSmart\bin\Release\ChenSmart.dll
2017/5/13 16:19:47, Info: Creating Archive F:\iLiveitem\Smart\ChenSmart\ChenSmart\bin\Release\ChenSmart.cpz...
2017/5/13 16:19:48, Info: Saving project information...
2017/5/13 16:33:44, Info: Validating assembly F:\iLiveitem\Smart\ChenSmart\ChenSmart\bin\Release\ChenSmart.dll...
2017/5/13 16:33:45, Info: Verifying assembly F:\iLiveitem\Smart\ChenSmart\ChenSmart\bin\Release\ChenSmart.dll
2017/5/13 16:33:45, Info: Creating Archive F:\iLiveitem\Smart\ChenSmart\ChenSmart\bin\Release\ChenSmart.cpz...
2017/5/13 16:33:45, Info: Saving project information...
2017/5/13 16:50:01, Info: Validating assembly F:\iLiveitem\Smart\ChenSmart\ChenSmart\bin\Release\ChenSmart.dll...
2017/5/13 16:50:02, Info: Verifying assembly F:\iLiveitem\Smart\ChenSmart\ChenSmart\bin\Release\ChenSmart.dll
2017/5/13 16:50:02, Info: Creating Archive F:\iLiveitem\Smart\ChenSmart\ChenSmart\bin\Release\ChenSmart.cpz...
2017/5/13 16:50:02, Info: Saving project information...
2017/5/13 16:53:34, Info: Validating assembly F:\iLiveitem\Smart\ChenSmart\ChenSmart\bin\Release\ChenSmart.dll...
2017/5/13 16:53:34, Info: Verifying assembly F:\iLiveitem\Smart\ChenSmart\ChenSmart\bin\Release\ChenSmart.dll
2017/5/13 16:53:35, Info: Creating Archive F:\iLiveitem\Smart\ChenSmart\ChenSmart\bin\Release\ChenSmart.cpz...
2017/5/13 16:53:35, Info: Saving project information...
2017/5/13 17:01:23, Info: Terminating SIMPLSharp Services
